[MAP000]
	$0007E000	;Physics Address
	$0000E000	;Load Address
[LABLE000_0]
	$0007EFD9,1
	$0007FC70,1
	$0007FCBF,1
	$0007FB77,1
	$0007FB7D,1
	$0007FBF4,1
	$0007FBC7,1
	$0007FBA7,1
	$0007FCEB,1
	$0007FD20,1
	$0007FD27,1
	$0007FD32,1
	$0007FBD0,1
	$0007FDA2,1
	$0007E7CD,1
	$0007E7EA,1
	$0007E846,1
	$0007E9F5,1
	$0007E9FF,1
	$0007EE5C,1
	$0007FEC3,1
	$0007FD58,1
	$0007EE1A,1
[LABLE000_1]
	$0007FC84,1
	$0007FC10,1
	$0007FBCF,1
	$0007FBAC,1
	$0007FCF0,1
	$0007FD2B,1
	$0007FD31,1
	$0007FD34,1
	$0007FD42,1
	$0007FBDA,1
	$0007FBF3,1
	$0007FBA1,1
	$0007E7DF,1
	$0007E840,1
	$0007FBCC,1
	$0007E854,1
	$0007E85E,1
	$0007E86C,1
	$0007E876,1
	$0007FCF4,1
	$0007FCF9,1
	$0007EA04,1
	$0007EE6A,1
	$0007E845,1
	$0007EA11,1
	$0007EE5B,1
	$0007FBEE,1
	$0007EE62,1
[LABLE000_2]
[LABLE000_3]
	$0007FDDA,1
	$0007FDEC,1
	$0007EA12,1
[MAP001]
	$0007A000	;Physics Address
	$0000A000	;Load Address
[LABLE001_0]
	$0007A000,1
	$0007A006,1
	$0007A7AF,1
	$0007AA09,1
	$0007A9C4,1
	$0007A84E,1
	$0007A8BF,1
	$0007A96A,1
	$0007A997,1
	$0007A965,1
	$0007A974,1
	$0007A979,1
	$0007A915,1
	$0007A91C,1
	$0007A8DC,1
	$0007A96F,1
	$0007A910,1
	$0007A97E,1
	$0007A884,1
	$0007A67C,1
	$0007A69C,1
	$0007A6F6,1
	$0007A6F8,1
	$0007A702,1
	$0007A6DB,1
	$0007A7E2,1
[LABLE001_1]
	$0007AA11,1
	$0007AA14,1
	$0007AA17,1
	$0007A022,1
	$0007A038,1
	$0007A051,1
	$0007A067,1
	$0007A080,1
	$0007A096,1
	$0007A0B3,1
	$0007A0C9,1
	$0007A0DF,1
	$0007A0F5,1
	$0007A10B,1
	$0007A128,1
	$0007A145,1
	$0007A15B,1
	$0007A171,1
	$0007A18A,1
	$0007A1A0,1
	$0007A1B6,1
	$0007A1D3,1
	$0007A1EC,1
	$0007A1FE,1
	$0007A20D,1
	$0007A226,1
	$0007A23C,1
	$0007A248,1
	$0007A257,1
	$0007A26D,1
	$0007A283,1
	$0007A2B9,1
	$0007A2D1,1
	$0007A2E9,1
	$0007A2F8,1
	$0007A307,1
	$0007A316,1
	$0007A325,1
	$0007A33B,1
	$0007A353,1
	$0007A37B,1
	$0007A393,1
	$0007A3AB,1
	$0007A3C3,1
	$0007A3DB,1
	$0007A3F1,1
	$0007A409,1
	$0007A421,1
	$0007A439,1
	$0007A451,1
	$0007A469,1
	$0007A47B,1
	$0007A48A,1
	$0007A499,1
	$0007A6A3,1
	$0007A6A7,1
	$0007A6AB,1
	$0007A6AF,1
	$0007A6FE,1
	$0007A713,1
	$0007A708,1
	$0007A70C,1
	$0007A724,1
	$0007A6E2,1
	$0007A6E9,1
	$0007A6F0,1
[LABLE001_2]
[LABLE001_3]
	$0007BECE,1
[MAP002]
	$0007C000	;Physics Address
	$0000C000	;Load Address
[LABLE002_0]
	$0007D01E,1
	$0007D02A,1
	$0007D7D4,1
	$0007D7EE,1
	$0007D9AF,1
	$0007D021,1
	$0007D3D2,1
	$0007D458,1
	$0007D569,1
	$0007D7A1,1
	$0007D42A,1
	$0007D4AB,1
	$0007DA05,1
	$0007DA2F,1
	$0007D009,1
	$0007D1D0,1
	$0007D024,1
	$0007D5E9,1
	$0007D58F,1
	$0007D018,1
	$0007D20B,1
	$0007D212,1
	$0007D225,1
	$0007D2AF,1
	$0007D7BE,1
[LABLE002_1]
	$0007D043,1
	$0007D03D,1
	$0007D04A,1
	$0007D054,1
	$0007D04E,1
	$0007D05B,1
	$0007D7D9,1
	$0007D57B,1
	$0007D583,1
	$0007D588,1
	$0007D437,1
	$0007D441,1
	$0007D451,1
	$0007D4B7,1
	$0007D4C1,1
	$0007DA11,1
	$0007DA15,1
	$0007DA19,1
	$0007DA1D,1
	$0007D1D5,1
	$0007D1DA,1
	$0007D1DD,1
	$0007D5EE,1
	$0007D59C,1
	$0007D5DC,1
	$0007D25F,1
	$0007D218,1
	$0007D224,1
	$0007D2B5,1
	$0007D2BA,1
	$0007D2C3,1
	$0007D1D0,1
	$0007D9EA,1
[LABLE002_2]
[LABLE002_3]
[MAP003]
	$0006C000	;Physics Address
	$00008000	;Load Address
[LABLE003_0]
[LABLE003_1]
[LABLE003_2]
[LABLE003_3]
	$0006C03E,1
	$0006D91B,1
	$0006DA1B,1
	$0006DB1B,1
	$0006DC1B,1
	$0006D8F8,1
	$0006D8F9,1
	$0006DE12,1
	$0006DE84,1
[MAP004]
	$00074000	;Physics Address
	$00008000	;Load Address
[LABLE004_0]
	$00074000,1
	$0007406C,1
	$00074393,1
	$00074003,1
	$000740FE,1
	$00074106,1
	$0007403A,1
	$000740D8,1
	$00074592,1
	$00074497,1
	$00074023,1
	$000744F1,1
	$000743CD,1
	$00074510,1
	$000744FF,1
	$0007465A,1
	$00074505,1
	$000746AD,1
	$000745A3,1
	$00074491,1
	$0007466F,1
	$00074006,1
	$000745AE,1
	$000745DE,1
	$00074636,1
	$0007447E,1
	$00074684,1
	$000746BA,1
	$00074702,1
	$000740EC,1
	$00074720,1
	$000746D1,1
	$00074914,1
	$000746E6,1
	$0007471A,1
	$00074575,1
	$000746A7,1
	$000744DD,1
	$000744E8,1
	$000744E1,1
	$00074527,1
	$0007451B,1
	$00074523,1
	$00074644,1
[LABLE004_1]
	$00074071,1
	$0007407A,1
	$00074099,1
	$0007409F,1
	$000743CC,1
	$0007408C,1
	$000740A9,1
	$000740D7,1
	$0007410D,1
	$00074118,1
	$00074123,1
	$00074042,1
	$0007416F,1
	$00074181,1
	$00074187,1
	$0007418F,1
	$0007419F,1
	$00074189,1
	$000741AC,1
	$000741F1,1
	$000741FA,1
	$000740E8,1
	$00074205,1
	$000741F6,1
	$000740E6,1
	$0007420D,1
	$0007439F,1
	$000743CD,1
	$000745A0,1
	$000743D4,1
	$0007449B,1
	$00074662,1
	$000743DA,1
	$000743EF,1
	$00074406,1
	$00074413,1
	$00074678,1
	$00074419,1
	$0007401F,1
	$0007400C,1
	$00074012,1
	$00074022,1
	$0007442A,1
	$00074440,1
	$000745D0,1
	$00074447,1
	$00074466,1
	$000745E4,1
	$000745EC,1
	$0007461D,1
	$0007464C,1
	$00074496,1
	$000745BE,1
	$000745D7,1
	$00074459,1
	$00074644,1
	$000743A4,1
	$000743AF,1
	$000743BA,1
	$000743BF,1
	$000743CA,1
	$000743A9,1
	$00074709,1
	$0007470F,1
	$00074718,1
	$00074724,1
	$0007472B,1
	$00074731,1
	$00074737,1
	$00074760,1
	$00074797,1
	$000747A5,1
	$0007480C,1
	$00074835,1
	$00074849,1
	$0007484C,1
	$00074852,1
	$00074867,1
	$00074870,1
	$00074884,1
	$00074896,1
	$000748FA,1
	$00074914,1
	$0007473E,1
	$00074752,1
	$00074757,1
	$000747AA,1
	$00074902,1
	$000746DE,1
	$000746E2,1
	$0007471A,1
	$0007483A,1
	$000747B8,1
	$000747BE,1
	$000747CD,1
	$000747CF,1
	$000747E7,1
	$000747EC,1
	$00074809,1
	$00074814,1
	$000748A0,1
	$000746EC,1
	$000746FB,1
	$0007490B,1
	$000747CB,1
	$000743BC,1
	$0007471D,1
	$000745F1,1
	$000745F5,1
	$0007464B,1
	$000745FC,1
	$000746F5,1
	$0007459D,1
	$000744A4,1
	$000744EA,1
	$00074601,1
	$00074603,1
	$00074609,1
	$00074627,1
	$00074491,1
	$000748A7,1
	$000748AC,1
	$000748B2,1
	$000748E3,1
	$000748E6,1
	$000744ED,1
	$000743F6,1
	$00074435,1
	$00074454,1
	$000745FA,1
	$00074547,1
	$00074566,1
	$00074574,1
	$000747FA,1
	$00074529,1
	$00074536,1
	$0007453E,1
	$00074545,1
	$00074555,1
	$000746A0,1
	$0007454F,1
	$0007443A,1
[LABLE004_2]
	$00074A40,1
	$00074A42,1
	$00074A41,1
[LABLE004_3]
	$00074B57,1
	$00074B58,1
	$00074B59,1
	$00074B5A,1
	$00074B5B,1
	$00074B5C,1
	$00074B5D,1
	$00074B5E,1
	$00074B5F,1
	$00074B60,1
	$00074B61,1
	$000744A6,1
	$00074B62,1
	$00074B63,1
	$00074B64,1
	$00074B65,1
	$00074B66,1
	$00074B67,1
	$00074B68,1
	$00074B69,1
	$00074B6A,1
	$00074B6B,1
	$00074B6C,1
	$00074B6D,1
	$00074C60,1
	$00074C61,1
	$00074C62,1
	$00074C63,1
	$00074C64,1
	$00074C65,1
	$00074C66,1
	$00074C67,1
	$00074C68,1
	$00074C69,1
	$00074C6A,1
	$00074CE7,1
	$00074CE8,1
	$00074CE9,1
	$00074CEA,1
	$00074CEB,1
	$00074CEC,1
	$00074CED,1
	$00074AD7,1
	$00074D98,1
	$00074D99,1
	$00074D9A,1
	$00074D9B,1
	$00074D9C,1
	$00074D9D,1
	$00074D9E,1
	$00074ADF,1
	$000746C6,1
	$00074ABF,1
	$00074CEE,1
	$00074D9F,1
	$00074CEF,1
	$00074DA0,1
	$00074CF0,1
	$00074DA1,1
	$00074DA2,1
	$00074CF1,1
	$00074DA3,1
	$00074B6E,1
	$00074B6F,1
	$00074B70,1
	$00074B71,1
	$00074B72,1
	$00074B73,1
	$00074B74,1
	$00074B75,1
	$00074B76,1
	$00074C6B,1
	$00074C6C,1
	$00074C6D,1
	$00074C6E,1
	$00074C6F,1
	$00074C70,1
	$00074C71,1
	$00074CF2,1
	$00074CF3,1
	$00074CF4,1
	$00074CF5,1
	$00074CF6,1
	$00074CF7,1
	$00074CF8,1
	$00074CF9,1
	$00074CFA,1
	$00074CFB,1
	$00074CFC,1
	$00074CFD,1
	$00074CFE,1
	$00074AAF,1
	$00074DA4,1
	$00074DA5,1
	$00074DA6,1
	$00074DA7,1
	$00074DA8,1
	$00074DA9,1
	$00074DAA,1
	$00074DAB,1
	$00074DAC,1
	$00074DAD,1
	$00074CFF,1
	$00074DAE,1
	$00074DAF,1
	$00074D00,1
	$00074DB0,1
	$00074DB1,1
	$00074D01,1
	$00074DB2,1
	$00074DB3,1
	$00074B77,1
	$00074B78,1
	$00074B79,1
	$00074B7A,1
	$00074B7B,1
	$00074C72,1
	$00074D02,1
	$00074DB4,1
	$00074C73,1
	$00074DB5,1
	$00074C74,1
	$00074DB6,1
	$00074C75,1
	$00074DB7,1
	$00074C76,1
	$00074D03,1
	$00074DB8,1
	$00074DB9,1
	$00074C77,1
	$00074C78,1
	$00074D04,1
	$00074DBA,1
	$00074DBB,1
	$00074B7C,1
	$00074B7D,1
	$00074B7E,1
	$00074DBC,1
	$00074DBD,1
	$00074DC0,1
	$00074AE7,1
	$00074DC1,1
	$00074B7F,1
	$00074B80,1
	$00074D05,1
	$00074DC2,1
	$00074DC3,1
	$00074D06,1
	$00074DC4,1
	$00074D07,1
	$00074DC5,1
	$00074D08,1
	$00074D09,1
	$00074DC6,1
	$00074DC7,1
	$00074B81,1
	$00074B82,1
	$00074B83,1
	$00074B84,1
	$00074B85,1
	$00074B86,1
	$00074B89,1
	$00074C79,1
	$00074D0A,1
	$00074D0B,1
	$00074D0E,1
	$00074D0F,1
	$00074D12,1
	$00074DC8,1
	$00074B8A,1
	$00074C7A,1
	$00074D13,1
	$00074DC9,1
	$00074DCA,1
	$00074B8B,1
	$00074C7B,1
	$00074D14,1
	$00074DCB,1
	$00074B8C,1
	$00074C7C,1
	$00074D15,1
	$00074D16,1
	$00074D17,1
	$00074D18,1
	$00074DCC,1
	$00074DCD,1
	$00074DCE,1
	$00074DCF,1
	$00074B8D,1
	$00074B8E,1
	$00074B8F,1
	$00074C7D,1
	$00074C7E,1
	$00074C81,1
	$00074C82,1
	$00074B90,1
	$00074C83,1
	$00074C84,1
	$00074B91,1
	$00074C85,1
	$00074B92,1
	$00074B93,1
	$00074C86,1
	$00074C87,1
	$00074DBE,1
	$00074DBF,1
	$00074DD0,1
	$00074B94,1
	$00074DD1,1
	$00074DD2,1
	$00074B95,1
	$00074B96,1
	$00074DD3,1
	$00074DD4,1
	$00074DD5,1
	$00074C88,1
	$00074D10,1
	$00074D11,1
	$00074D19,1
	$00074DD6,1
	$00074DD7,1
	$00074B97,1
	$00074C89,1
	$00074D1A,1
	$00074DD8,1
	$00074DD9,1
	$00074B98,1
	$00074C8A,1
	$00074D1B,1
	$00074DDA,1
	$00074B99,1
	$00074B9A,1
	$00074B9B,1
	$00074B9C,1
	$00074C8B,1
	$00074C8C,1
	$00074C8D,1
	$00074C8E,1
	$00074D1C,1
	$00074D1D,1
	$00074D1E,1
	$00074D1F,1
	$00074DDB,1
	$00074DDC,1
	$00074DDD,1
	$00074DDE,1
	$00074B87,1
	$00074B88,1
	$00074B9D,1
	$00074D0C,1
	$00074D0D,1
	$00074D20,1
	$00074B9E,1
	$00074D21,1
	$00074B9F,1
	$00074D22,1
	$00074BA0,1
	$00074BA1,1
	$00074D23,1
	$00074BA2,1
	$00074BA3,1
	$00074BA4,1
	$00074BA5,1
	$00074D24,1
	$00074BA6,1
	$00074BA7,1
	$00074BA8,1
	$00074D25,1
	$00074BA9,1
	$00074D26,1
	$00074D27,1
	$00074BAA,1
	$00074C7F,1
	$00074C80,1
	$00074C8F,1
	$00074D28,1
	$00074D29,1
