[MAP000]
	$0007E000	;Physics Address
	$0000E000	;Load Address
[LABLE000_0]
	$0007FD43,1
	$0007FC43,1
	$0007FCB2,1
	$0007EFD9,1
	$0007FC70,1
	$0007FCBF,1
	$0007FB77,1
	$0007FB7D,1
	$0007FBF4,1
	$0007FBC7,1
	$0007FBA7,1
	$0007FCEB,1
	$0007FD20,1
	$0007FD27,1
	$0007FD32,1
	$0007FBD0,1
	$0007FDA2,1
	$0007E7CD,1
	$0007E7EA,1
	$0007E846,1
	$0007E9F5,1
	$0007E9FF,1
	$0007EE5C,1
	$0007FEC3,1
	$0007FD58,1
	$0007EE1A,1
	$0007EDC9,1
	$0007E7E9,1
	$0007EE5B,1
	$0007EDE9,1
	$0007E9C2,1
	$0007E9CC,1
	$0007EAC3,1
	$0007E39F,1
	$0007E430,1
	$0007E893,1
	$0007EA47,1
	$0007EAC2,1
	$0007EBD2,1
	$0007EB62,1
	$0007EAAC,1
	$0007EABA,1
	$0007E07D,1
	$0007E87C,1
[LABLE000_1]
	$0007FAC4,1
	$0007FAC9,1
	$0007FACE,1
	$0007FAD1,1
	$0007FAE5,1
	$0007FAF0,1
	$0007FB00,1
	$0007FB1A,1
	$0007FB1E,1
	$0007FB2F,1
	$0007FB35,1
	$0007FB3A,1
	$0007FB46,1
	$0007FB4E,1
	$0007FCB6,1
	$0007FCBE,1
	$0007FC84,1
	$0007FC10,1
	$0007FBCF,1
	$0007FBAC,1
	$0007FCF0,1
	$0007FD2B,1
	$0007FD31,1
	$0007FD34,1
	$0007FD42,1
	$0007FBDA,1
	$0007FBF3,1
	$0007FBA1,1
	$0007E7DF,1
	$0007E840,1
	$0007FBCC,1
	$0007E854,1
	$0007E85E,1
	$0007E86C,1
	$0007E876,1
	$0007FCF4,1
	$0007FCF9,1
	$0007EA04,1
	$0007EE6A,1
	$0007E845,1
	$0007EA11,1
	$0007EE5B,1
	$0007FBEE,1
	$0007EE62,1
	$0007EE22,1
	$0007EE2C,1
	$0007EE45,1
	$0007E7D2,1
	$0007EE30,1
	$0007EE34,1
	$0007EE53,1
	$0007E9D1,1
	$0007E3D6,1
	$0007E898,1
	$0007E9E1,1
	$0007EA4C,1
	$0007EA51,1
	$0007EA58,1
	$0007EA5C,1
	$0007EA60,1
	$0007EA6D,1
	$0007EA71,1
	$0007EA75,1
	$0007EA8B,1
	$0007EC0E,1
	$0007EA98,1
	$0007FB9E,1
	$0007EAA7,1
	$0007EA78,1
	$0007FD1F,1
	$0007E093,1
	$0007E099,1
	$0007E09E,1
	$0007E886,1
	$0007E892,1
[LABLE000_2]
[LABLE000_3]
	$0007FDDA,1
	$0007FDEC,1
	$0007EA12,1
	$0007E9E2,1
	$0007EE6D,1
	$0007EE71,1
	$0007EE9D,1
	$0007EEA3,1
	$0007EEA7,1
	$0007EEAB,1
	$0007EEAF,1
	$0007E0C7,1
[MAP001]
	$0007C000	;Physics Address
	$0000C000	;Load Address
[LABLE001_0]
	$0007D772,1
	$0007D7A1,1
	$0007D01E,1
	$0007D02A,1
	$0007D7D4,1
	$0007D7EE,1
	$0007D9AF,1
	$0007D021,1
	$0007D3D2,1
	$0007D458,1
	$0007D569,1
	$0007D42A,1
	$0007D4AB,1
	$0007DA05,1
	$0007DA2F,1
	$0007D009,1
	$0007D1D0,1
	$0007D024,1
	$0007D5E9,1
	$0007D58F,1
	$0007D018,1
	$0007D20B,1
	$0007D212,1
	$0007D225,1
	$0007D2AF,1
	$0007D7BE,1
	$0007D8F3,1
	$0007DA49,1
	$0007D653,1
	$0007DACD,1
	$0007D6FA,1
	$0007D6B6,1
	$0007DDB2,1
	$0007D623,1
	$0007DC94,1
	$0007DCA4,1
	$0007DDDF,1
	$0007DCB4,1
	$0007DD35,1
	$0007DD6C,1
	$0007DD6D,1
	$0007DB9F,1
	$0007DBD5,1
	$0007DC26,1
	$0007DC3E,1
	$0007DB41,1
	$0007DDAB,1
	$0007DD92,1
	$0007DD82,1
	$0007D262,1
	$0007D2C4,1
	$0007D2F7,1
	$0007D2F3,1
	$0007D2F6,1
	$0007DA38,1
	$0007D76C,1
	$0007DEBE,1
[LABLE001_1]
	$0007D043,1
	$0007D03D,1
	$0007D04A,1
	$0007D054,1
	$0007D04E,1
	$0007D05B,1
	$0007D7D9,1
	$0007D57B,1
	$0007D583,1
	$0007D588,1
	$0007D437,1
	$0007D441,1
	$0007D451,1
	$0007D4B7,1
	$0007D4C1,1
	$0007DA11,1
	$0007DA15,1
	$0007DA19,1
	$0007DA1D,1
	$0007D1D5,1
	$0007D1DA,1
	$0007D1DD,1
	$0007D5EE,1
	$0007D59C,1
	$0007D5DC,1
	$0007D25F,1
	$0007D218,1
	$0007D224,1
	$0007D2B5,1
	$0007D2BA,1
	$0007D2C3,1
	$0007D1D0,1
	$0007D9EA,1
	$0007D044,1
	$0007D9F2,1
	$0007DA20,1
	$0007D686,1
	$0007D661,1
	$0007D67D,1
	$0007D689,1
	$0007D766,1
	$0007D70C,1
	$0007D769,1
	$0007D6E2,1
	$0007D6C7,1
	$0007D6F5,1
	$0007D647,1
	$0007D62F,1
	$0007D634,1
	$0007D652,1
	$0007DB87,1
	$0007DC9D,1
	$0007DCA6,1
	$0007DCB1,1
	$0007DDEB,1
	$0007DE30,1
	$0007DE34,1
	$0007DE44,1
	$0007DE6D,1
	$0007DD3A,1
	$0007DCD6,1
	$0007DCEC,1
	$0007DD23,1
	$0007DD8A,1
	$0007DDAA,1
	$0007DBA6,1
	$0007DBCD,1
	$0007DC2B,1
	$0007DC38,1
	$0007DC45,1
	$0007DC58,1
	$0007DC64,1
	$0007DC72,1
	$0007DC7E,1
	$0007DC3D,1
	$0007DBEC,1
	$0007DD92,1
	$0007DDA4,1
	$0007DDB1,1
	$0007DD96,1
	$0007DD9E,1
	$0007DBEF,1
	$0007D22E,1
	$0007D2EA,1
	$0007D313,1
	$0007D322,1
	$0007D304,1
	$0007D362,1
	$0007D74B,1
	$0007D6D2,1
	$0007DA48,1
	$0007D931,1
	$0007DA3D,1
	$0007DE1B,1
	$0007DE3A,1
	$0007DDAF,1
	$0007D941,1
	$0007D771,1
	$0007DEEA,1
	$0007DEEF,1
	$0007DF32,1
	$0007DFB3,1
	$0007DFBD,1
	$0007DFC1,1
	$0007DFD8,1
	$0007DFDA,1
	$0007DFE5,1
[LABLE001_2]
[LABLE001_3]
	$0007C090,1
[MAP002]
	$0007A000	;Physics Address
	$0000A000	;Load Address
[LABLE002_0]
	$0007A000,1
	$0007A006,1
	$0007A7AF,1
	$0007AA09,1
	$0007A9C4,1
	$0007A84E,1
	$0007A8BF,1
	$0007A96A,1
	$0007A997,1
	$0007A965,1
	$0007A974,1
	$0007A979,1
	$0007A915,1
	$0007A91C,1
	$0007A8DC,1
	$0007A96F,1
	$0007A910,1
	$0007A97E,1
	$0007A884,1
	$0007A67C,1
	$0007A69C,1
	$0007A6F6,1
	$0007A6F8,1
	$0007A702,1
	$0007A6DB,1
	$0007A7E2,1
[LABLE002_1]
	$0007AA11,1
	$0007AA14,1
	$0007AA17,1
	$0007A022,1
	$0007A038,1
	$0007A051,1
	$0007A067,1
	$0007A080,1
	$0007A096,1
	$0007A0B3,1
	$0007A0C9,1
	$0007A0DF,1
	$0007A0F5,1
	$0007A10B,1
	$0007A128,1
	$0007A145,1
	$0007A15B,1
	$0007A171,1
	$0007A18A,1
	$0007A1A0,1
	$0007A1B6,1
	$0007A1D3,1
	$0007A1EC,1
	$0007A1FE,1
	$0007A20D,1
	$0007A226,1
	$0007A23C,1
	$0007A248,1
	$0007A257,1
	$0007A26D,1
	$0007A283,1
	$0007A2B9,1
	$0007A2D1,1
	$0007A2E9,1
	$0007A2F8,1
	$0007A307,1
	$0007A316,1
	$0007A325,1
	$0007A33B,1
	$0007A353,1
	$0007A37B,1
	$0007A393,1
	$0007A3AB,1
	$0007A3C3,1
	$0007A3DB,1
	$0007A3F1,1
	$0007A409,1
	$0007A421,1
	$0007A439,1
	$0007A451,1
	$0007A469,1
	$0007A47B,1
	$0007A48A,1
	$0007A499,1
	$0007A6A3,1
	$0007A6A7,1
	$0007A6AB,1
	$0007A6AF,1
	$0007A6FE,1
	$0007A713,1
	$0007A708,1
	$0007A70C,1
	$0007A724,1
	$0007A6E2,1
	$0007A6E9,1
	$0007A6F0,1
[LABLE002_2]
[LABLE002_3]
	$0007BECE,1
[MAP003]
	$0006C000	;Physics Address
	$00008000	;Load Address
[LABLE003_0]
[LABLE003_1]
[LABLE003_2]
[LABLE003_3]
	$0006C03E,1
	$0006D91B,1
	$0006DA1B,1
	$0006DB1B,1
	$0006DC1B,1
	$0006D8F8,1
	$0006D8F9,1
	$0006DE12,1
	$0006DE84,1
	$0006DE38,1
	$0006DE5E,1
	$0006C02E,1
	$0006D0D6,1
	$0006D1D6,1
	$0006D2D6,1
	$0006D3D6,1
	$0006CC8E,1
	$0006D0B4,1
[MAP004]
	$00074000	;Physics Address
	$00008000	;Load Address
[LABLE004_0]
	$00074000,1
	$0007406C,1
	$00074393,1
	$00074003,1
	$000740FE,1
	$00074106,1
	$0007403A,1
	$000740D8,1
	$00074592,1
	$00074497,1
	$00074023,1
	$000744F1,1
	$000743CD,1
	$00074510,1
	$000744FF,1
	$0007465A,1
	$00074505,1
	$000746AD,1
	$000745A3,1
	$00074491,1
	$0007466F,1
	$00074006,1
	$000745AE,1
	$000745DE,1
	$00074636,1
	$0007447E,1
	$00074684,1
	$000746BA,1
	$00074702,1
	$000740EC,1
	$00074720,1
	$000746D1,1
	$00074914,1
	$000746E6,1
	$0007471A,1
	$00074575,1
	$00074252,1
	$00074386,1
	$000741D4,1
	$000741F1,1
	$000742DE,1
	$00074326,1
	$000748A0,1
	$000746A7,1
	$000744DD,1
	$000744E8,1
	$000741C8,1
	$000744E1,1
	$00074527,1
	$0007451B,1
	$00074523,1
[LABLE004_1]
	$00074071,1
	$0007407A,1
	$00074099,1
	$0007409F,1
	$000743CC,1
	$0007408C,1
	$000740A9,1
	$000740D7,1
	$0007410D,1
	$00074118,1
	$00074123,1
	$00074042,1
	$0007416F,1
	$00074181,1
	$00074187,1
	$0007418F,1
	$0007419F,1
	$00074189,1
	$000741AC,1
	$000741F1,1
	$000741FA,1
	$000740E8,1
	$00074205,1
	$000741F6,1
	$000740E6,1
	$0007420D,1
	$0007439F,1
	$000743CD,1
	$000745A0,1
	$000743D4,1
	$0007449B,1
	$00074662,1
	$000743DA,1
	$000743EF,1
	$00074406,1
	$00074413,1
	$00074678,1
	$00074419,1
	$0007401F,1
	$0007400C,1
	$00074012,1
	$00074022,1
	$0007442A,1
	$00074440,1
	$000745D0,1
	$00074447,1
	$00074466,1
	$000745E4,1
	$000745EC,1
	$0007461D,1
	$0007464C,1
	$00074496,1
	$000745BE,1
	$000745D7,1
	$00074459,1
	$00074644,1
	$000743A4,1
	$000743AF,1
	$000743BA,1
	$000743BF,1
	$000743CA,1
	$000743A9,1
	$00074709,1
	$0007470F,1
	$00074718,1
	$00074724,1
	$0007472B,1
	$00074731,1
	$00074737,1
	$00074760,1
	$00074797,1
	$000747A5,1
	$0007480C,1
	$00074835,1
	$00074849,1
	$0007484C,1
	$00074852,1
	$00074867,1
	$00074870,1
	$00074884,1
	$00074896,1
	$000748FA,1
	$00074914,1
	$0007473E,1
	$00074752,1
	$00074757,1
	$000747AA,1
	$00074902,1
	$000746DE,1
	$000746E2,1
	$0007471A,1
	$0007483A,1
	$000747B8,1
	$000747BE,1
	$000747CD,1
	$000747CF,1
	$000747E7,1
	$000747EC,1
	$00074809,1
	$00074814,1
	$000748A0,1
	$000746EC,1
	$000746FB,1
	$0007490B,1
	$000747CB,1
	$000743BC,1
	$0007471D,1
	$000745F1,1
	$000745F5,1
	$0007464B,1
	$000745FC,1
	$000746F5,1
	$0007459D,1
	$0007412C,1
	$00074137,1
	$00074145,1
	$0007414F,1
	$00074159,1
	$00074168,1
	$0007416E,1
	$00074077,1
	$0007425B,1
	$00074390,1
	$00074273,1
	$000742A6,1
	$000742AA,1
	$000742B8,1
	$000742D5,1
	$000741D8,1
	$0007420A,1
	$00074090,1
	$000742E6,1
	$0007430A,1
	$00074314,1
	$00074322,1
	$00074311,1
	$00074320,1
	$00074333,1
	$00074349,1
	$00074359,1
	$0007436B,1
	$00074377,1
	$00074728,1
	$00074256,1
	$000742E3,1
	$000742EB,1
	$00074818,1
	$000748A7,1
	$000748F2,1
	$000742F2,1
	$000742F6,1
	$000742FA,1
	$0007437F,1
	$0007462A,1
	$000748AC,1
	$000748B8,1
	$00074454,1
	$0007465E,1
	$0007466B,1
	$000745C2,1
	$000742FB,1
	$000742AF,1
	$000742DA,1
	$000744A4,1
	$000744EA,1
	$00074601,1
	$00074603,1
	$00074609,1
	$00074627,1
	$00074491,1
	$00074300,1
	$00074307,1
	$00074263,1
	$00074270,1
	$0007413B,1
	$000748B2,1
	$000748E3,1
	$000748E6,1
	$000744ED,1
	$000743F6,1
	$00074435,1
	$000745FA,1
	$00074547,1
	$00074566,1
	$00074574,1
	$000747FA,1
	$00074529,1
	$00074536,1
	$0007453E,1
	$00074545,1
	$00074555,1
	$000746A0,1
[LABLE004_2]
	$00074A40,1
	$00074A42,1
	$00074A41,1
[LABLE004_3]
	$00074B57,1
	$00074B58,1
	$00074B59,1
	$00074B5A,1
	$00074B5B,1
	$00074B5C,1
	$00074B5D,1
	$00074B5E,1
	$00074B5F,1
	$00074B60,1
	$00074B61,1
	$000744A6,1
	$00074B62,1
	$00074B63,1
	$00074B64,1
	$00074B65,1
	$00074B66,1
	$00074B67,1
	$00074B68,1
	$00074B69,1
	$00074B6A,1
	$00074B6B,1
	$00074B6C,1
	$00074B6D,1
	$00074C60,1
	$00074C61,1
	$00074C62,1
	$00074C63,1
	$00074C64,1
	$00074C65,1
	$00074C66,1
	$00074C67,1
	$00074C68,1
	$00074C69,1
	$00074C6A,1
	$00074CE7,1
	$00074CE8,1
	$00074CE9,1
	$00074CEA,1
	$00074CEB,1
	$00074CEC,1
	$00074CED,1
	$00074AD7,1
	$00074D98,1
	$00074D99,1
	$00074D9A,1
	$00074D9B,1
	$00074D9C,1
	$00074D9D,1
	$00074D9E,1
	$00074ADF,1
	$000746C6,1
	$00074ABF,1
	$00074CEE,1
	$00074D9F,1
	$00074CEF,1
	$00074DA0,1
	$00074CF0,1
	$00074DA1,1
	$00074DA2,1
	$00074CF1,1
	$00074DA3,1
	$00074B6E,1
	$00074B6F,1
	$00074B70,1
	$00074B71,1
	$00074B72,1
	$00074B73,1
	$00074B74,1
	$00074B75,1
	$00074B76,1
	$00074C6B,1
	$00074C6C,1
	$00074C6D,1
	$00074C6E,1
	$00074C6F,1
	$00074C70,1
	$00074C71,1
	$00074CF2,1
	$00074CF3,1
	$00074CF4,1
	$00074CF5,1
	$00074CF6,1
	$00074CF7,1
	$00074CF8,1
	$00074CF9,1
	$00074CFA,1
	$00074CFB,1
	$00074CFC,1
	$00074CFD,1
	$00074CFE,1
	$00074AAF,1
	$00074DA4,1
	$00074DA5,1
	$00074DA6,1
	$00074DA7,1
	$00074DA8,1
	$00074DA9,1
	$00074DAA,1
	$00074DAB,1
	$00074DAC,1
	$00074DAD,1
	$00074CFF,1
	$00074DAE,1
	$00074DAF,1
	$00074D00,1
	$00074DB0,1
	$00074DB1,1
	$00074328,1
	$00074AEF,1
	$00074B47,1
	$00074D01,1
	$00074DB2,1
	$00074B17,1
	$00074DB3,1
	$00074B77,1
	$00074B78,1
	$00074B79,1
	$00074B7A,1
	$00074B7B,1
	$00074C72,1
	$00074D02,1
	$00074DB4,1
	$00074C73,1
	$00074DB5,1
	$00074C74,1
	$00074DB6,1
	$00074C75,1
	$00074DB7,1
	$00074C76,1
	$00074D03,1
	$00074DB8,1
	$00074DB9,1
	$00074C77,1
	$00074C78,1
	$00074D04,1
	$00074DBA,1
	$00074DBB,1
	$00074B7C,1
	$00074B7D,1
	$00074B7E,1
	$00074DBC,1
	$00074DBD,1
	$00074DC0,1
	$00074AE7,1
	$00074DC1,1
	$00074B7F,1
	$00074B80,1
	$00074D05,1
	$00074DC2,1
	$00074DC3,1
	$00074D06,1
	$00074DC4,1
	$00074D07,1
	$00074DC5,1
	$00074D08,1
	$00074D09,1
	$00074DC6,1
	$00074DC7,1
	$00074B81,1
	$00074B82,1
	$00074B83,1
	$00074B84,1
	$00074B85,1
	$00074B86,1
	$00074B89,1
	$00074C79,1
	$00074D0A,1
	$00074D0B,1
	$00074D0E,1
	$00074D0F,1
	$00074D12,1
	$00074DC8,1
	$00074B8A,1
	$00074C7A,1
	$00074D13,1
	$00074DC9,1
	$00074DCA,1
	$00074B8B,1
	$00074C7B,1
	$00074D14,1
	$00074DCB,1
	$00074B8C,1
	$00074C7C,1
	$00074D15,1
	$00074D16,1
	$00074D17,1
	$00074D18,1
	$00074DCC,1
	$00074DCD,1
	$00074DCE,1
	$00074DCF,1
	$00074B8D,1
	$00074B8E,1
	$00074B8F,1
	$00074C7D,1
	$00074C7E,1
	$00074C81,1
	$00074C82,1
	$00074B90,1
	$00074C83,1
	$00074C84,1
	$00074B91,1
	$00074C85,1
[MAP005]
	$00076000	;Physics Address
	$0000A000	;Load Address
[LABLE005_0]
[LABLE005_1]
[LABLE005_2]
[LABLE005_3]
	$00076A9A,1
	$00076A9B,1
	$00076A9C,1
	$00076A9D,1
	$00076A9E,1
	$00076A9F,1
	$00076AA0,1
	$00076AA1,1
	$00076AA2,1
	$00076AA3,1
	$00076AA4,1
	$00076AA5,1
	$00076AA6,1
	$00076AA7,1
	$00076AA8,1
	$00076AA9,1
	$00076AAA,1
	$00076AAB,1
	$00076AAC,1
	$00076AAD,1
	$00076AAE,1
	$00076AAF,1
	$00076AB0,1
	$00076AB2,1
	$00076AB3,1
	$00076AB4,1
	$00076AB5,1
	$00076AB6,1
	$00076AB7,1
	$00076AB8,1
	$00076AB9,1
	$00076ABA,1
	$00076ABB,1
	$00076ABC,1
	$00076ABD,1
	$00076ABE,1
	$00076ABF,1
	$00076AC0,1
	$00076AC1,1
	$00076AC2,1
	$00076AC3,1
	$00076AC4,1
	$00076AC5,1
	$00076AC6,1
	$00076AC7,1
	$00076AC8,1
	$00076AC9,1
	$00076ACA,1
	$00076ACB,1
	$00076ACC,1
	$00076ACD,1
	$00076ACE,1
	$00076ACF,1
	$00076AD0,1
	$00076AD1,1
	$00076AD2,1
	$00076AD3,1
	$00076AD4,1
	$00076AD5,1
	$00076AD6,1
	$00076AD7,1
	$00076AD8,1
	$00076AD9,1
	$00076ADA,1
	$00076ADB,1
	$00076ADC,1
	$00076ADD,1
	$00076ADE,1
	$00076ADF,1
	$00076AE0,1
	$00076AE1,1
	$00076AB1,1
[MAP006]
	$00078000	;Physics Address
	$00008000	;Load Address
[LABLE006_0]
[LABLE006_1]
[LABLE006_2]
[LABLE006_3]
	$00079000,1
	$00079010,1
	$00079011,1
	$00079012,1
	$00079013,1
	$00079014,1
	$00079015,1
	$00079016,1
	$00079017,1
	$00079018,1
	$00079019,1
	$0007901A,1
	$0007901B,1
	$0007901C,1
	$0007901D,1
	$0007901E,1
	$0007901F,1
	$00079020,1
	$00079021,1
	$00079022,1
	$00079023,1
	$00079024,1
	$00079025,1
	$00079026,1
	$00079027,1
	$00079028,1
	$00079029,1
	$0007902A,1
	$0007902B,1
	$0007902C,1
	$0007902D,1
	$0007902E,1
	$0007902F,1
	$00079030,1
	$00079031,1
	$00079032,1
	$00079033,1
	$00079034,1
	$00079035,1
	$00079036,1
	$00079037,1
	$00079038,1
	$00079039,1
	$0007903A,1
	$0007903B,1
	$0007903C,1
	$0007903D,1
	$0007903E,1
	$0007903F,1
	$00079040,1
	$00079041,1
	$00079042,1
	$00079043,1
	$00079044,1
	$00079045,1
	$00079046,1
	$00079047,1
	$00079048,1
	$00079049,1
	$0007904A,1
	$0007904B,1
	$0007904C,1
	$0007904D,1
	$0007904E,1
	$0007904F,1
	$00079050,1
	$00079051,1
	$00079052,1
	$00079053,1
	$00079054,1
	$00079055,1
	$00079056,1
	$00079057,1
	$00079058,1
	$00079059,1
	$0007905A,1
	$0007905B,1
	$0007905C,1
	$0007905D,1
	$0007905E,1
	$0007905F,1
	$00079060,1
	$00079061,1
	$00079062,1
	$00079063,1
	$00079064,1
	$00079065,1
	$00079066,1
	$00079067,1
	$00079068,1
	$00079069,1
	$0007906A,1
	$0007906B,1
	$0007906C,1
	$0007906D,1
	$0007906E,1
	$0007906F,1
	$00079070,1
	$00079071,1
	$00079072,1
	$00079073,1
	$00079074,1
	$00079075,1
	$00079076,1
	$00079077,1
	$00079078,1
	$00079079,1
	$0007907A,1
	$0007907B,1
	$0007907C,1
	$0007907D,1
	$0007907E,1
	$0007907F,1
	$00079080,1
	$00079081,1
	$00079082,1
	$00079083,1
	$00079084,1
	$00079085,1
	$00079086,1
	$00079087,1
	$00079088,1
	$00079089,1
	$0007908A,1
	$0007908B,1
	$0007908C,1
	$0007908D,1
	$0007908E,1
	$0007908F,1
	$00079090,1
	$00079091,1
	$00079092,1
	$00079093,1
	$00079094,1
	$00079095,1
	$00079096,1
	$00079097,1
	$00079098,1
	$00079099,1
	$0007909A,1
	$0007909B,1
	$0007909C,1
	$0007909D,1
	$0007909E,1
	$0007909F,1
	$000790A0,1
	$000790A1,1
	$000790A2,1
	$000790A3,1
	$000790A4,1
	$000790A5,1
	$000790A6,1
	$000790A7,1
	$000790A8,1
	$000790A9,1
	$000790AA,1
	$000790AB,1
	$000790AC,1
	$000790AD,1
	$000790AE,1
	$000790AF,1
	$000790B0,1
	$000790B1,1
	$000790B2,1
	$000790B3,1
	$000790B4,1
	$000790B5,1
	$000790B6,1
	$000790B7,1
	$000790B8,1
	$000790B9,1
	$000790BA,1
	$000790BB,1
	$000790BC,1
	$000790BD,1
	$000790BE,1
	$000790BF,1
	$000790C0,1
	$000790C1,1
	$000790C2,1
	$000790C3,1
	$000790C4,1
	$000790C5,1
	$000790C6,1
	$000790C7,1
	$000790C8,1
	$000790C9,1
	$000790CA,1
	$000790CB,1
	$000790CC,1
	$000790CD,1
	$000790CE,1
	$000790CF,1
	$000790D0,1
	$000790D1,1
	$000790D2,1
	$000790D3,1
	$000790D4,1
	$000790D5,1
	$000790D6,1
	$000790D7,1
	$000790D8,1
	$000790D9,1
	$000790DA,1
	$000790DB,1
	$000790DC,1
	$000790DD,1
	$000790DE,1
	$000790DF,1
	$000790E0,1
	$000790E1,1
	$000790E2,1
	$000790E3,1
	$000790E4,1
	$000790E5,1
	$000790E6,1
	$000790E7,1
	$000790E8,1
	$000790E9,1
	$000790EA,1
	$000790EB,1
	$000790EC,1
	$000790ED,1
	$000790EE,1
	$000790EF,1
	$000790F0,1
	$000790F1,1
	$000790F2,1
	$000790F3,1
	$000790F4,1
	$000790F5,1
	$000790F6,1
	$000790F7,1
	$000790F8,1
	$000790F9,1
	$000790FA,1
	$000790FB,1
	$000790FC,1
	$000790FD,1
	$000790FE,1
	$000790FF,1
	$00079100,1
	$00079101,1
	$00079102,1
	$00079103,1
	$00079104,1
	$00079105,1
	$00079106,1
	$00079107,1
	$00079108,1
	$00079109,1
	$0007910A,1
	$0007910B,1
	$0007910C,1
	$0007910D,1
	$0007910E,1
	$0007910F,1
	$00079110,1
	$00079111,1
	$00079112,1
	$00079113,1
	$00079114,1
	$00079115,1
	$00079116,1
	$00079117,1
	$00079118,1
	$00079119,1
	$0007911A,1
	$0007911B,1
	$0007911C,1
	$0007911D,1
	$0007911E,1
	$0007911F,1
	$00079120,1
	$00079121,1
	$00079122,1
	$00079123,1
	$00079124,1
	$00079125,1
	$00079126,1
	$00079127,1
	$00079128,1
	$00079129,1
	$0007912A,1
	$0007912B,1
	$0007912C,1
	$0007912D,1
	$0007912E,1
	$0007912F,1
	$00079130,1
	$00079131,1
	$00079132,1
	$00079133,1
	$00079134,1
	$00079135,1
	$00079136,1
	$00079137,1
	$00079138,1
	$00079139,1
	$0007913A,1
	$0007913B,1
	$0007913C,1
	$0007913D,1
	$0007913E,1
	$0007913F,1
	$00079140,1
	$00079141,1
	$00079142,1
	$00078055,1
[MAP007]
	$003BE000	;Physics Address
	$0000E000	;Load Address
[LABLE007_0]
	$003BFFDD,1
	$003BE002,1
	$003BE30B,1
	$003BE315,1
	$003BE090,1
	$003BE0A8,1
	$003BE18E,1
	$003BE38E,1
	$003BE356,1
	$003BE382,1
	$003BE336,1
	$003BE351,1
	$003BE15E,1
	$003BE331,1
	$003BF42D,1
	$003BE1B0,1
	$003BE1DA,1
	$003BE2B1,1
[LABLE007_1]
	$003BE016,1
	$003BE01B,1
	$003BE020,1
	$003BE023,1
	$003BE02E,1
	$003BE033,1
	$003BE037,1
	$003BE043,1
	$003BE04E,1
	$003BE05D,1
	$003BE054,1
	$003BE064,1
	$003BE06D,1
	$003BE0A5,1
	$003BE0B7,1
	$003BE106,1
	$003BE120,1
	$003BE109,1
	$003BE125,1
	$003BE12B,1
	$003BE12F,1
	$003BE145,1
	$003BE1AA,1
	$003BE394,1
	$003BE3A2,1
	$003BE188,1
	$003BE094,1
	$003BE361,1
	$003BE37A,1
	$003BE351,1
	$003BE0B4,1
	$003BE169,1
	$003BE355,1
	$003BF433,1
	$003BE166,1
	$003BE192,1
	$003BE0CA,1
	$003BE0CF,1
	$003BE0DA,1
	$003BE0E8,1
	$003BE0F2,1
	$003BE0C5,1
	$003BE0F4,1
	$003BE131,1
	$003BE1EC,1
	$003BE1F0,1
	$003BE1F4,1
	$003BE209,1
	$003BE20C,1
	$003BE1C7,1
[LABLE007_2]
	$003BE000,1
	$003BE001,1
[LABLE007_3]
[MAP008]
	$003BC000	;Physics Address
	$0000C000	;Load Address
[LABLE008_0]
	$003BC26E,1
	$003BC27C,1
	$003BC17F,1
	$003BC0AE,1
	$003BC062,1
	$003BC068,1
	$003BC009,1
	$003BC2A1,1
	$003BCEB7,1
	$003BC2AC,1
	$003BCECE,1
	$003BCEDD,1
	$003BDE0F,1
	$003BCF67,1
	$003BD080,1
	$003BC101,1
	$003BC075,1
	$003BC003,1
	$003BC28A,1
	$003BC187,1
	$003BC097,1
	$003BC04F,1
	$003BC055,1
	$003BC006,1
	$003BC294,1
	$003BC00C,1
	$003BC474,1
	$003BC177,1
	$003BC19F,1
	$003BC09D,1
	$003BC18F,1
	$003BC2C6,1
	$003BC080,1
	$003BC353,1
	$003BC39C,1
	$003BC417,1
	$003BC442,1
	$003BC316,1
	$003BCF78,1
	$003BC1C7,1
	$003BCF8C,1
	$003BDE08,1
	$003BC1DF,1
[LABLE008_1]
	$003BC27B,1
	$003BC289,1
	$003BC2B9,1
	$003BCF6B,1
	$003BCF70,1
	$003BD082,1
	$003BD08A,1
	$003BC47B,1
	$003BC484,1
	$003BC489,1
	$003BCF53,1
	$003BC2ED,1
	$003BC2F1,1
	$003BC303,1
	$003BC312,1
	$003BC31E,1
	$003BC322,1
	$003BC316,1
	$003BC326,1
	$003BC335,1
	$003BC374,1
	$003BC385,1
	$003BC38B,1
	$003BC3B6,1
	$003BC3D2,1
	$003BC3E3,1
	$003BC3EA,1
	$003BC3EC,1
	$003BC402,1
	$003BC412,1
	$003BC439,1
	$003BC43D,1
	$003BC43F,1
	$003BC44C,1
	$003BC457,1
	$003BC462,1
	$003BC469,1
	$003BC46E,1
	$003BC40D,1
	$003BC426,1
	$003BC42A,1
	$003BC42C,1
	$003BC431,1
	$003BC435,1
	$003BC471,1
	$003BC338,1
	$003BC33B,1
	$003BC341,1
	$003BC34E,1
	$003BC352,1
	$003BCFAB,1
	$003BCFBD,1
	$003BDE0E,1
	$003BCFE6,1
	$003BCFFD,1
	$003BCFFC,1
	$003BCF94,1
	$003BCF9C,1
	$003BCFA8,1
[LABLE008_2]
	$003BC001,1
[LABLE008_3]
	$003BCEBD,1
	$003BCED2,1
[MAP009]
	$003B8000	;Physics Address
	$00008000	;Load Address
[LABLE009_0]
[LABLE009_1]
[LABLE009_2]
	$003B8002,1
[LABLE009_3]
	$003B8075,1
	$003B8090,1
[MAP010]
	$003BA000	;Physics Address
	$0000A000	;Load Address
[LABLE010_0]
	$003BBB36,1
	$003BA003,1
	$003BBA72,1
	$003BBD3E,1
	$003BBFF0,1
	$003BBA99,1
[LABLE010_1]
	$003BBB3B,1
	$003BBB47,1
	$003BBB95,1
	$003BBBA5,1
	$003BBBA8,1
	$003BBB4C,1
	$003BBBAC,1
	$003BBBB0,1
	$003BBA91,1
	$003BBADA,1
	$003BBAF9,1
	$003BBB00,1
	$003BBB0D,1
	$003BBB16,1
	$003BBD44,1
	$003BBB2E,1
	$003BBD46,1
	$003BBB1E,1
	$003BBB25,1
[LABLE010_2]
	$003BA002,1
[LABLE010_3]
[MAP011]
	$003A0000	;Physics Address
	$00008000	;Load Address
[LABLE011_0]
[LABLE011_1]
[LABLE011_2]
	$003A0002,1
[LABLE011_3]
[MAP012]
	$003A0000	;Physics Address
	$0000A000	;Load Address
[LABLE012_0]
[LABLE012_1]
[LABLE012_2]
	$003A0002,1
[LABLE012_3]
[MAP013]
	$003B6000	;Physics Address
	$0000A000	;Load Address
[LABLE013_0]
	$003B7846,1
	$003B7BC2,1
	$003B6030,1
	$003B7B8C,1
	$003B7340,1
	$003B73BC,1
	$003B77CA,1
	$003B77E2,1
	$003B7481,1
	$003B74DB,1
	$003B752D,1
	$003B77B2,1
	$003B75B4,1
	$003B75D8,1
	$003B7738,1
	$003B7617,1
	$003B76A4,1
	$003B603F,1
	$003B7499,1
	$003B6062,1
	$003B74B7,1
	$003B7C7F,1
	$003B77F8,1
	$003B79E8,1
	$003B7BF3,1
	$003B7C01,1
	$003B6021,1
	$003B7B3D,1
	$003B603A,1
[LABLE013_1]
	$003B7BC5,1
	$003B7BCB,1
	$003B7BD3,1
	$003B7BD5,1
	$003B7BE2,1
	$003B7BE4,1
	$003B7BEC,1
	$003B7856,1
	$003B785E,1
	$003B7867,1
	$003B787B,1
	$003B7883,1
	$003B78C2,1
	$003B7922,1
	$003B794A,1
	$003B794E,1
	$003B7B96,1
	$003B7349,1
	$003B735F,1
	$003B7372,1
	$003B744B,1
	$003B7450,1
	$003B77D3,1
	$003B77D7,1
	$003B77DB,1
	$003B77FA,1
	$003B7462,1
	$003B7467,1
	$003B7487,1
	$003B74F5,1
	$003B7500,1
	$003B7528,1
	$003B753B,1
	$003B753F,1
	$003B77BB,1
	$003B77B9,1
	$003B75BA,1
	$003B75C6,1
	$003B773D,1
	$003B7781,1
	$003B778C,1
	$003B77A7,1
	$003B7645,1
	$003B7668,1
	$003B766C,1
	$003B768D,1
	$003B7697,1
	$003B76BA,1
	$003B76C5,1
	$003B76F6,1
	$003B76FF,1
	$003B760D,1
	$003B7601,1
	$003B7689,1
	$003B769A,1
	$003B76A4,1
	$003B7713,1
	$003B760F,1
	$003B74A5,1
	$003B74BE,1
	$003B74C2,1
	$003B74CE,1
	$003B7BA2,1
	$003B7BA8,1
	$003B7BBA,1
	$003B7C8B,1
	$003B7C92,1
	$003B7C9B,1
	$003B7CA9,1
	$003B7CB3,1
	$003B7C86,1
	$003B7C90,1
	$003B7CB5,1
	$003B7B8C,1
	$003B73C2,1
	$003B77FC,1
	$003B7546,1
	$003B7695,1
	$003B76A2,1
	$003B77E4,1
	$003B77E8,1
	$003B77EF,1
	$003B7526,1
	$003B7647,1
	$003B7BC1,1
	$003B79FE,1
	$003B7A06,1
	$003B7A00,1
	$003B7A0C,1
	$003B7A5C,1
	$003B7A61,1
	$003B7A84,1
	$003B7A91,1
	$003B7A97,1
	$003B7C18,1
	$003B7C05,1
	$003B7C09,1
	$003B7AA4,1
	$003B7AA8,1
	$003B7AAF,1
	$003B7AD9,1
	$003B7AE1,1
	$003B7B43,1
	$003B7B4B,1
	$003B7B60,1
	$003B7B67,1
	$003B7B6B,1
[LABLE013_2]
	$003B6002,1
[LABLE013_3]
	$003B7E33,1
	$003B7EAF,1
	$003B6067,1
	$003B6EDD,1
[MAP014]
	$003AC000	;Physics Address
	$00008000	;Load Address
[LABLE014_0]
	$003ADA82,1
	$003ADAF2,1
	$003AD2A1,1
	$003ADB0F,1
	$003ADAFF,1
	$003ADA93,1
	$003ADB23,1
	$003ADBC3,1
	$003ADB30,1
[LABLE014_1]
	$003ADA89,1
	$003ADA9D,1
	$003ADB17,1
	$003ADABC,1
	$003ADAE3,1
	$003ADAE7,1
	$003ADAEA,1
	$003ADAF0,1
	$003ADADE,1
	$003ADA97,1
	$003ADA8C,1
	$003ADAD5,1
	$003ADB3B,1
	$003ADB48,1
	$003ADB63,1
	$003ADB72,1
	$003ADB34,1
[LABLE014_2]
	$003AC002,1
[LABLE014_3]
	$003AD31D,1
	$003AD609,1
	$003AD60B,1
	$003AD326,1
	$003AD398,1
	$003AD64A,1
	$003AD664,1
	$003AD670,1
	$003AD370,1
	$003AD629,1
[MAP015]
	$003A2000	;Physics Address
	$00008000	;Load Address
[LABLE015_0]
[LABLE015_1]
[LABLE015_2]
	$003A2002,1
[LABLE015_3]
	$003A3DB8,1
	$003A2023,1
	$003A2063,1
	$003A207C,1
	$003A20CC,1
	$003A214C,1
	$003A202B,1
	$003A20DC,1
	$003A215C,1
	$003A2033,1
	$003A208C,1
	$003A20EC,1
	$003A216C,1
	$003A203B,1
	$003A209C,1
	$003A20FC,1
	$003A217C,1
	$003A21CC,1
	$003A2043,1
	$003A20AC,1
	$003A210C,1
	$003A218C,1
	$003A21DC,1
	$003A204B,1
	$003A20BC,1
	$003A211C,1
	$003A219C,1
	$003A21EC,1
	$003A2053,1
	$003A212C,1
	$003A21AC,1
	$003A21FC,1
	$003A205B,1
	$003A213C,1
	$003A21BC,1
	$003A24BC,1
	$003A229C,1
	$003A28FC,1
	$003A306C,1
[MAP016]
	$003AE000	;Physics Address
	$00008000	;Load Address
[LABLE016_0]
	$003AF350,1
	$003AF423,1
	$003AF434,1
	$003AF49E,1
	$003AF609,1
	$003AF381,1
	$003AF574,1
	$003AF3AF,1
	$003AF401,1
	$003AF391,1
[LABLE016_1]
	$003AF438,1
	$003AF445,1
	$003AF36D,1
	$003AF371,1
	$003AF37B,1
	$003AF381,1
	$003AF385,1
	$003AF391,1
	$003AF395,1
	$003AF3A1,1
	$003AF4C1,1
	$003AF4CB,1
	$003AF4D1,1
	$003AF4DA,1
	$003AF4D3,1
	$003AF4DB,1
	$003AF4F4,1
	$003AF4FE,1
	$003AF516,1
	$003AF51C,1
	$003AF529,1
	$003AF52B,1
	$003AF533,1
	$003AF53D,1
	$003AF54A,1
	$003AF54C,1
	$003AF553,1
	$003AF574,1
	$003AF60E,1
	$003AF619,1
	$003AF580,1
	$003AF55B,1
	$003AF563,1
	$003AF405,1
	$003AF411,1
[LABLE016_2]
	$003AE002,1
[LABLE016_3]
	$003AF80B,1
[MAP017]
	$003B4000	;Physics Address
	$00008000	;Load Address
[LABLE017_0]
[LABLE017_1]
[LABLE017_2]
	$003B4002,1
[LABLE017_3]
