[MAP000]
	$0007C000	;Physics Address
	$0000C000	;Load Address
[LABLE000_0]
	$0007D01E,1
	$0007D02A,1
	$0007D018,1
	$0007D20B,1
	$0007D212,1
	$0007D225,1
	$0007D2AF,1
	$0007D8F3,1
	$0007D021,1
	$0007D3D2,1
	$0007D458,1
	$0007D569,1
	$0007D7A1,1
	$0007D42A,1
	$0007D4AB,1
	$0007DA05,1
	$0007DA49,1
	$0007D653,1
	$0007DACD,1
	$0007D6FA,1
	$0007D6B6,1
	$0007DDB2,1
	$0007D623,1
	$0007DC94,1
	$0007DCA4,1
	$0007DDDF,1
	$0007DCB4,1
	$0007DD35,1
	$0007DD6C,1
	$0007DD6D,1
	$0007DB9F,1
	$0007DBD5,1
	$0007DC26,1
	$0007DC3E,1
	$0007DB41,1
	$0007DDAB,1
	$0007DD92,1
	$0007DD82,1
	$0007DA2F,1
	$0007D009,1
	$0007D1D0,1
	$0007D024,1
	$0007D5E9,1
	$0007D58F,1
	$0007D262,1
	$0007D2C4,1
	$0007D2F7,1
	$0007D2F3,1
	$0007D2F6,1
	$0007D7BE,1
	$0007DA38,1
	$0007D76C,1
	$0007DEBE,1
	$0007D772,1
[LABLE000_1]
	$0007D2BA,1
	$0007D2C3,1
	$0007D043,1
	$0007D03D,1
	$0007D04A,1
	$0007D054,1
	$0007D04E,1
	$0007D05B,1
	$0007D9EA,1
	$0007D25F,1
	$0007D218,1
	$0007D224,1
	$0007D2B5,1
	$0007D044,1
	$0007D9F2,1
	$0007D57B,1
	$0007D583,1
	$0007D588,1
	$0007D437,1
	$0007D441,1
	$0007D451,1
	$0007D4B7,1
	$0007D4C1,1
	$0007DA11,1
	$0007DA15,1
	$0007DA20,1
	$0007D686,1
	$0007D661,1
	$0007D67D,1
	$0007D689,1
	$0007D766,1
	$0007D70C,1
	$0007D769,1
	$0007D6E2,1
	$0007D6C7,1
	$0007D6F5,1
	$0007D647,1
	$0007D62F,1
	$0007D634,1
	$0007D652,1
	$0007DB87,1
	$0007DC9D,1
	$0007DCA6,1
	$0007DCB1,1
	$0007DDEB,1
	$0007DE30,1
	$0007DE34,1
	$0007DE44,1
	$0007DE6D,1
	$0007DD3A,1
	$0007DCD6,1
	$0007DCEC,1
	$0007DD23,1
	$0007DD8A,1
	$0007DDAA,1
	$0007DBA6,1
	$0007DBCD,1
	$0007DC2B,1
	$0007DC38,1
	$0007DC45,1
	$0007DC58,1
	$0007DC64,1
	$0007DC72,1
	$0007DC7E,1
	$0007DC3D,1
	$0007DBEC,1
	$0007DD92,1
	$0007DDA4,1
	$0007DDB1,1
	$0007DD96,1
	$0007DD9E,1
	$0007DBEF,1
	$0007D1D5,1
	$0007D1DA,1
	$0007D1DD,1
	$0007D5EE,1
	$0007D5DC,1
	$0007D22E,1
	$0007D2EA,1
	$0007D313,1
	$0007D322,1
	$0007D304,1
	$0007D362,1
	$0007D74B,1
	$0007D6D2,1
	$0007DA48,1
	$0007D931,1
	$0007D941,1
	$0007D1D0,1
	$0007D771,1
	$0007DEEA,1
	$0007DEEF,1
	$0007DF32,1
	$0007DFB3,1
	$0007DFBD,1
	$0007DFC1,1
	$0007DFD8,1
	$0007DFDA,1
	$0007DFE5,1
[LABLE000_2]
[LABLE000_3]
	$0007C012,1
[MAP001]
	$0007E000	;Physics Address
	$0000E000	;Load Address
[LABLE001_0]
	$0007EE5C,1
	$0007FBD0,1
	$0007FDA2,1
	$0007EE1A,1
	$0007FB7D,1
	$0007FBF4,1
	$0007FBC7,1
	$0007FBA7,1
	$0007FCEB,1
	$0007E9F5,1
	$0007E9FF,1
	$0007EDC9,1
	$0007FD58,1
	$0007E7CD,1
	$0007E7EA,1
	$0007E846,1
	$0007E7E9,1
	$0007EE5B,1
	$0007EDE9,1
	$0007FB77,1
	$0007FCBF,1
	$0007FD20,1
	$0007FD27,1
	$0007FD32,1
	$0007E9C2,1
	$0007E9CC,1
	$0007EAC3,1
	$0007FEC3,1
	$0007E39F,1
	$0007E430,1
	$0007E893,1
	$0007EA47,1
	$0007EAC2,1
	$0007EBD2,1
	$0007EB62,1
	$0007EAAC,1
	$0007EABA,1
	$0007E07D,1
	$0007E87C,1
[LABLE001_1]
	$0007EE6A,1
	$0007FBDA,1
	$0007FBF3,1
	$0007FBA1,1
	$0007EE5B,1
	$0007FC10,1
	$0007FBCF,1
	$0007FBAC,1
	$0007FCF4,1
	$0007FCF9,1
	$0007EA11,1
	$0007EE62,1
	$0007FBEE,1
	$0007EE22,1
	$0007EE2C,1
	$0007EE45,1
	$0007E7D2,1
	$0007E840,1
	$0007FBCC,1
	$0007E854,1
	$0007E85E,1
	$0007E86C,1
	$0007E876,1
	$0007E845,1
	$0007EE30,1
	$0007EE34,1
	$0007EE53,1
	$0007FCF0,1
	$0007FD2B,1
	$0007FD31,1
	$0007FD34,1
	$0007FD42,1
	$0007E9D1,1
	$0007E3D6,1
	$0007E898,1
	$0007E9E1,1
	$0007EA4C,1
	$0007EA51,1
	$0007EA58,1
	$0007EA5C,1
	$0007EA60,1
	$0007EA6D,1
	$0007EA71,1
	$0007EA75,1
	$0007EA8B,1
	$0007EC0E,1
	$0007EA98,1
	$0007FB9E,1
	$0007EA78,1
	$0007FD1F,1
	$0007E093,1
	$0007E099,1
	$0007E09E,1
	$0007E886,1
	$0007E892,1
[LABLE001_2]
[LABLE001_3]
	$0007FDEC,1
	$0007FDDA,1
	$0007E9E2,1
	$0007EE6D,1
	$0007EE71,1
	$0007EE9D,1
	$0007EEA3,1
	$0007EEA7,1
	$0007EEAB,1
	$0007EEAF,1
	$0007E0AB,1
[MAP002]
	$00074000	;Physics Address
	$00008000	;Load Address
[LABLE002_0]
	$00074000,1
	$0007406C,1
	$00074393,1
	$00074684,1
	$000746BA,1
	$00074023,1
	$00074720,1
	$000740EC,1
	$00074006,1
	$00074702,1
	$00074592,1
	$0007403A,1
	$000745AE,1
	$00074636,1
	$0007447E,1
	$000746D1,1
	$000746E6,1
	$0007471A,1
	$000745A3,1
	$000745DE,1
	$00074914,1
	$00074491,1
	$00074497,1
	$0007466F,1
	$000743CD,1
	$000746A7,1
	$0007451B,1
	$00074523,1
	$00074575,1
	$000744FF,1
	$00074527,1
	$00074003,1
	$000740FE,1
	$00074106,1
	$00074252,1
	$00074386,1
	$000741D4,1
	$000741F1,1
	$000740D8,1
	$000742DE,1
	$00074326,1
	$0007465A,1
	$000748A0,1
	$000746AD,1
	$000741C8,1
	$000744E8,1
	$000744E1,1
	$000744F1,1
	$00074510,1
	$00074505,1
	$000744DD,1
[LABLE002_1]
	$00074071,1
	$0007407A,1
	$00074099,1
	$0007409F,1
	$0007439F,1
	$000743A4,1
	$000743A9,1
	$00074724,1
	$0007472B,1
	$00074731,1
	$00074737,1
	$00074760,1
	$00074797,1
	$000747AA,1
	$000747B8,1
	$000747BE,1
	$000747CD,1
	$000747CF,1
	$0007401F,1
	$0007400C,1
	$00074012,1
	$00074022,1
	$000747E7,1
	$000747FA,1
	$00074814,1
	$00074835,1
	$00074849,1
	$0007484C,1
	$00074852,1
	$00074867,1
	$00074870,1
	$00074884,1
	$000748A0,1
	$000748FA,1
	$00074902,1
	$00074914,1
	$000743BA,1
	$000743BF,1
	$000743CA,1
	$000743CC,1
	$0007408C,1
	$0007480C,1
	$0007473E,1
	$00074752,1
	$00074757,1
	$00074709,1
	$0007470F,1
	$0007471D,1
	$0007483A,1
	$000740A9,1
	$000740D7,1
	$0007490B,1
	$000747A5,1
	$000743CD,1
	$000745A0,1
	$00074042,1
	$000743DA,1
	$000743EF,1
	$00074406,1
	$00074419,1
	$0007442A,1
	$00074440,1
	$000745BE,1
	$000745D7,1
	$00074447,1
	$00074459,1
	$00074644,1
	$0007464B,1
	$00074496,1
	$000747CB,1
	$000746DE,1
	$000746E2,1
	$0007471A,1
	$00074896,1
	$000746EC,1
	$000746FB,1
	$000743BC,1
	$000747EC,1
	$00074809,1
	$00074718,1
	$000745D0,1
	$00074466,1
	$000745E4,1
	$000745EC,1
	$000745F1,1
	$000745F5,1
	$0007461D,1
	$00074413,1
	$000743D4,1
	$0007449B,1
	$00074678,1
	$00074529,1
	$00074547,1
	$00074566,1
	$00074574,1
	$000745FC,1
	$0007464C,1
	$000746F5,1
	$00074536,1
	$0007453E,1
	$00074545,1
	$00074555,1
	$000746A0,1
	$0007410D,1
	$00074118,1
	$00074123,1
	$0007412C,1
	$00074137,1
	$00074145,1
	$0007414F,1
	$00074159,1
	$00074168,1
	$0007416E,1
	$00074077,1
	$0007425B,1
	$00074390,1
	$00074273,1
	$000742A6,1
	$000742AA,1
	$000742B8,1
	$000742D5,1
	$000741D8,1
	$0007420A,1
	$000741F6,1
	$000741FA,1
	$000740E8,1
	$00074205,1
	$0007420D,1
	$00074090,1
	$000742E6,1
	$0007430A,1
	$00074314,1
	$00074322,1
	$00074311,1
	$00074320,1
	$00074662,1
	$00074333,1
	$00074349,1
	$00074359,1
	$0007436B,1
	$00074377,1
	$00074728,1
	$00074256,1
	$000742E3,1
	$000742EB,1
	$00074818,1
	$000748A7,1
	$000748F2,1
	$000742F2,1
	$000742F6,1
	$000742FA,1
	$00074454,1
	$0007437F,1
	$0007462A,1
	$000748AC,1
	$000748B8,1
	$0007459D,1
	$00074300,1
	$00074307,1
	$00074263,1
	$00074270,1
	$000744A4,1
	$000744ED,1
	$000743F6,1
	$0007454F,1
	$000740E6,1
	$0007465E,1
	$0007466B,1
	$000745C2,1
	$000742FB,1
	$000742AF,1
	$000742DA,1
	$0007416F,1
	$00074181,1
	$00074187,1
	$0007418F,1
	$0007419F,1
	$00074189,1
	$000741AC,1
	$000741F1,1
	$000743AF,1
	$000744EA,1
	$00074601,1
	$00074603,1
	$00074609,1
	$00074627,1
	$00074491,1
	$000748B2,1
	$000748E3,1
	$000748E6,1
	$00074435,1
	$000745FA,1
[LABLE002_2]
	$00074A42,1
	$00074A41,1
	$00074A40,1
[LABLE002_3]
	$000746C6,1
	$00074AE7,1
	$00074ABF,1
	$00074AAF,1
	$00074ADF,1
	$00074DC3,1
	$00074D06,1
	$00074DC4,1
	$00074D07,1
	$00074DC5,1
	$00074D08,1
	$00074D09,1
	$00074DC6,1
	$00074DC7,1
	$00074B81,1
	$00074B82,1
	$000744A6,1
	$00074B83,1
	$00074B84,1
	$00074B85,1
	$00074B86,1
	$00074B89,1
	$00074C79,1
	$00074D0A,1
	$00074D0B,1
	$00074D0E,1
	$00074D0F,1
	$00074D12,1
	$00074DC8,1
	$00074B8A,1
	$00074C7A,1
	$00074D13,1
	$00074DC9,1
	$00074DCA,1
	$00074B8B,1
	$00074C7B,1
	$00074D14,1
	$00074DCB,1
	$00074B8C,1
	$00074C7C,1
	$00074D15,1
	$00074D16,1
	$00074D17,1
	$00074D18,1
	$00074CF8,1
	$00074CF9,1
	$00074CFA,1
	$00074CFB,1
	$00074CFC,1
	$00074CFD,1
	$00074CFE,1
	$00074DCC,1
	$00074DCD,1
	$00074DCE,1
	$00074DCF,1
	$00074DAA,1
	$00074DAB,1
	$00074DAC,1
	$00074328,1
	$00074AEF,1
	$00074DAD,1
	$00074B47,1
	$00074CFF,1
	$00074DAE,1
	$00074DAF,1
	$00074B8D,1
	$00074D00,1
	$00074DB0,1
	$00074DB1,1
	$00074B8E,1
	$00074D01,1
	$00074DB2,1
	$00074DB3,1
	$00074B8F,1
	$00074C7D,1
	$00074C7E,1
	$00074C81,1
	$00074D02,1
	$00074DB4,1
	$00074C82,1
	$00074DB5,1
	$00074B90,1
	$00074C83,1
	$00074DB6,1
	$00074C84,1
	$00074DB7,1
	$00074B91,1
	$00074C85,1
	$00074D03,1
	$00074DB8,1
	$00074DB9,1
	$00074B92,1
	$00074B93,1
	$00074C86,1
	$00074C87,1
	$00074D04,1
	$00074DBA,1
	$00074DBB,1
	$00074DBC,1
	$00074DBD,1
	$00074DBE,1
	$00074DBF,1
	$00074DD0,1
	$00074B17,1
	$00074B94,1
	$00074D05,1
	$00074DD1,1
	$00074B57,1
	$00074B58,1
	$00074B59,1
	$00074B5A,1
	$00074B5B,1
	$00074B5C,1
	$00074B5D,1
	$00074B5E,1
	$00074B5F,1
	$00074B60,1
	$00074B61,1
	$00074B62,1
	$00074B63,1
	$00074B64,1
	$00074B65,1
	$00074B66,1
	$00074B67,1
	$00074B68,1
	$00074B69,1
	$00074B6A,1
	$00074B6B,1
	$00074B6C,1
	$00074B6D,1
	$00074C60,1
	$00074C61,1
	$00074C62,1
	$00074C63,1
	$00074C64,1
	$00074C65,1
	$00074C66,1
	$00074C67,1
	$00074C68,1
	$00074C69,1
	$00074C6A,1
	$00074CE7,1
	$00074CE8,1
	$00074CE9,1
	$00074CEA,1
	$00074CEB,1
	$00074CEC,1
	$00074CED,1
	$00074AD7,1
	$00074D98,1
	$00074D99,1
	$00074D9A,1
	$00074D9B,1
	$00074D9C,1
	$00074D9D,1
	$00074D9E,1
	$00074CEE,1
	$00074D9F,1
	$00074CEF,1
	$00074DA0,1
	$00074CF0,1
	$00074DA1,1
	$00074DA2,1
	$00074CF1,1
	$00074DA3,1
	$00074B6E,1
	$00074B6F,1
	$00074B70,1
	$00074B71,1
	$00074B72,1
	$00074B73,1
	$00074B74,1
	$00074B75,1
	$00074B76,1
	$00074C6B,1
	$00074C6C,1
	$00074C6D,1
	$00074C6E,1
	$00074C6F,1
	$00074C70,1
	$00074C71,1
	$00074CF2,1
	$00074CF3,1
	$00074CF4,1
	$00074CF5,1
	$00074CF6,1
	$00074CF7,1
	$00074DA4,1
	$00074DA5,1
	$00074DA6,1
	$00074DA7,1
	$00074DA8,1
	$00074DA9,1
	$00074B77,1
	$00074B78,1
	$00074B79,1
	$00074B7A,1
	$00074B7B,1
	$00074C72,1
	$00074C73,1
	$00074C74,1
	$00074C75,1
	$00074C76,1
	$00074C77,1
	$00074C78,1
	$00074B7C,1
	$00074B7D,1
	$00074B7E,1
	$00074DC0,1
	$00074DC1,1
	$00074B7F,1
	$00074B80,1
	$00074DC2,1
[MAP003]
	$00076000	;Physics Address
	$0000A000	;Load Address
[LABLE003_0]
[LABLE003_1]
[LABLE003_2]
[LABLE003_3]
	$00076A9A,1
	$00076A9B,1
	$00076A9C,1
	$00076A9D,1
	$00076A9E,1
	$00076A9F,1
	$00076AA0,1
	$00076AA1,1
	$00076AA2,1
	$00076AA3,1
	$00076AA4,1
	$00076AA5,1
	$00076AA6,1
	$00076AA7,1
	$00076AA8,1
	$00076AA9,1
	$00076AAA,1
	$00076AAB,1
	$00076AAC,1
	$00076AAD,1
	$00076AAE,1
	$00076AAF,1
	$00076AB0,1
	$00076AB1,1
	$00076AB2,1
	$00076AB3,1
	$00076AB4,1
	$00076AB5,1
	$00076AB6,1
	$00076AB7,1
	$00076AB8,1
	$00076AB9,1
	$00076ABA,1
	$00076ABB,1
	$00076ABC,1
	$00076ABD,1
	$00076ABE,1
	$00076ABF,1
	$00076AC0,1
	$00076AC1,1
	$00076AC2,1
	$00076AC3,1
	$00076AC4,1
	$00076AC5,1
	$00076AC6,1
	$00076AC7,1
	$00076AC8,1
	$00076AC9,1
	$00076ACA,1
	$00076ACB,1
	$00076ACC,1
	$00076ACD,1
	$00076ACE,1
	$00076ACF,1
	$00076AD0,1
	$00076AD1,1
	$00076AD2,1
	$00076AD3,1
	$00076AD4,1
	$00076AD5,1
	$00076AD6,1
	$00076AD7,1
	$00076AD8,1
	$00076AD9,1
	$00076ADA,1
	$00076ADB,1
	$00076ADC,1
	$00076ADD,1
	$00076ADE,1
	$00076ADF,1
	$00076AE0,1
	$00076AE1,1
[MAP004]
	$0006C000	;Physics Address
	$00008000	;Load Address
[LABLE004_0]
[LABLE004_1]
[LABLE004_2]
[LABLE004_3]
	$0006DE38,1
	$0006DE5E,1
	$0006C02E,1
	$0006D0D6,1
	$0006D1D6,1
	$0006D2D6,1
	$0006D3D6,1
	$0006CC8E,1
	$0006D0B4,1
[MAP005]
	$00078000	;Physics Address
	$00008000	;Load Address
[LABLE005_0]
[LABLE005_1]
[LABLE005_2]
[LABLE005_3]
	$00079000,1
	$00079010,1
	$00079011,1
	$00079012,1
	$00079013,1
	$00079014,1
	$00079015,1
	$00079016,1
	$00079017,1
	$00079018,1
	$00079019,1
	$0007901A,1
	$0007901B,1
	$0007901C,1
	$0007901D,1
	$0007901E,1
	$0007901F,1
	$00079020,1
	$00079021,1
	$00079022,1
	$00079023,1
	$00079024,1
	$00079025,1
	$00079026,1
	$00079027,1
	$00079028,1
	$00079029,1
	$0007902A,1
	$0007902B,1
	$0007902C,1
	$0007902D,1
	$0007902E,1
	$0007902F,1
	$00079030,1
	$00079031,1
	$00079032,1
	$00079033,1
	$00079034,1
	$00079035,1
	$00079036,1
	$00079037,1
	$00079038,1
	$00079039,1
	$0007903A,1
	$0007903B,1
	$0007903C,1
	$0007903D,1
	$0007903E,1
	$0007903F,1
	$00079040,1
	$00079041,1
	$00079042,1
	$00079043,1
	$00079044,1
	$00079045,1
	$00079046,1
	$00079047,1
	$00079048,1
	$00079049,1
	$0007904A,1
	$0007904B,1
	$0007904C,1
	$0007904D,1
	$0007904E,1
	$0007904F,1
	$00079050,1
	$00079051,1
	$00079052,1
	$00079053,1
	$00079054,1
	$00079055,1
	$00079056,1
	$00079057,1
	$00079058,1
	$00079059,1
	$0007905A,1
	$0007905B,1
	$0007905C,1
	$0007905D,1
	$0007905E,1
	$0007905F,1
	$00079060,1
	$00079061,1
	$00079062,1
	$00079063,1
	$00079064,1
	$00079065,1
	$00079066,1
	$0007800A,1
[MAP006]
	$000BE000	;Physics Address
	$0000E000	;Load Address
[LABLE006_0]
	$000BF600,1
	$000BFBD5,1
	$000BFAE3,1
	$000BF824,1
	$000BF750,1
	$000BF7A0,1
	$000BF803,1
	$000BF851,1
	$000BF847,1
	$000BF7B0,1
	$000BF7D5,1
	$000BFBC4,1
	$000BFA9E,1
[LABLE006_1]
	$000BF60D,1
	$000BF612,1
	$000BF61B,1
	$000BF620,1
	$000BF624,1
	$000BF83D,1
	$000BF843,1
	$000BF846,1
	$000BF76B,1
	$000BF770,1
	$000BF774,1
	$000BF75F,1
	$000BF763,1
	$000BF789,1
	$000BF78D,1
	$000BF798,1
	$000BF79E,1
	$000BF784,1
	$000BF76F,1
	$000BF818,1
	$000BF816,1
	$000BF81E,1
	$000BF653,1
	$000BF658,1
	$000BF65D,1
	$000BF67C,1
	$000BF7E1,1
	$000BF7F6,1
	$000BF7C0,1
	$000BF7C4,1
	$000BF7C6,1
	$000BF7D4,1
	$000BF689,1
	$000BF68F,1
	$000BF656,1
	$000BF6AC,1
	$000BF6B9,1
	$000BF6C5,1
	$000BF66F,1
	$000BF696,1
	$000BF69E,1
	$000BF693,1
	$000BF6CB,1
	$000BF6E6,1
	$000BF6EC,1
	$000BF6F5,1
	$000BF70E,1
	$000BF718,1
	$000BF721,1
	$000BF729,1
	$000BF72F,1
	$000BF743,1
	$000BFBC4,1
	$000BFBCB,1
	$000BFAA8,1
	$000BFAAD,1
	$000BFAB8,1
	$000BFACB,1
[LABLE006_2]
[LABLE006_3]
	$000BF862,1
	$000BF863,1
	$000BF864,1
	$000BF865,1
	$000BF866,1
	$000BF867,1
	$000BF868,1
	$000BF869,1
	$000BF86A,1
	$000BF86B,1
	$000BF86C,1
	$000BF86D,1
	$000BF86E,1
	$000BF86F,1
	$000BF870,1
	$000BF871,1
	$000BF872,1
	$000BF873,1
	$000BF874,1
	$000BF875,1
	$000BF876,1
	$000BF877,1
	$000BF878,1
	$000BF879,1
	$000BF87A,1
	$000BF87B,1
	$000BF87C,1
	$000BF87D,1
	$000BF87E,1
	$000BF87F,1
	$000BF880,1
	$000BF881,1
	$000BF882,1
	$000BF883,1
	$000BF884,1
	$000BF885,1
	$000BF886,1
	$000BF887,1
	$000BF888,1
	$000BF889,1
	$000BF88A,1
	$000BF88B,1
	$000BF88C,1
	$000BF88D,1
	$000BF88E,1
	$000BF88F,1
	$000BF890,1
	$000BF891,1
	$000BF892,1
	$000BF893,1
	$000BF894,1
	$000BF895,1
	$000BF896,1
	$000BF897,1
	$000BF898,1
	$000BF899,1
	$000BF89A,1
	$000BF89B,1
	$000BF89C,1
	$000BF89D,1
	$000BF89E,1
	$000BF89F,1
	$000BF8A0,1
	$000BF8A1,1
	$000BF8A2,1
	$000BF8A3,1
	$000BF8A4,1
	$000BF8A5,1
	$000BF8A6,1
	$000BF8A7,1
	$000BF8A8,1
	$000BF8A9,1
	$000BF8AA,1
	$000BF8AB,1
	$000BF8AC,1
	$000BF8AD,1
	$000BF8AE,1
	$000BF8AF,1
	$000BF8B0,1
	$000BF8B1,1
	$000BF8B2,1
	$000BF8B3,1
	$000BF8B4,1
	$000BF8B5,1
	$000BF8B6,1
	$000BF8B7,1
	$000BF8B8,1
	$000BF8B9,1
	$000BF8BA,1
	$000BF8BB,1
	$000BF8BC,1
	$000BF8BD,1
	$000BF8BE,1
	$000BF8BF,1
	$000BF8C0,1
	$000BF8C1,1
	$000BF8C2,1
	$000BF8C3,1
	$000BF8C4,1
	$000BF8C5,1
	$000BF8C6,1
	$000BF8C7,1
	$000BF8C8,1
	$000BF8C9,1
	$000BF8CA,1
	$000BF8CB,1
	$000BF8CC,1
	$000BF8CD,1
	$000BF8CE,1
	$000BF8CF,1
	$000BF8D0,1
	$000BF8D1,1
	$000BF8D2,1
	$000BF8D3,1
	$000BF8D4,1
	$000BF8D5,1
	$000BF8D6,1
	$000BF8D7,1
	$000BF8D8,1
	$000BF8D9,1
	$000BF8DA,1
	$000BF8DB,1
	$000BF8DC,1
	$000BF8DD,1
	$000BF8DE,1
	$000BF8DF,1
	$000BF8E0,1
	$000BF8E1,1
	$000BF8E2,1
	$000BF8E3,1
	$000BF8E4,1
	$000BF8E5,1
	$000BF8E6,1
	$000BF8E7,1
	$000BF8E8,1
	$000BF8E9,1
	$000BF8EA,1
	$000BF8EB,1
	$000BF8EC,1
	$000BF8ED,1
	$000BF8EE,1
	$000BF8EF,1
	$000BF8F0,1
	$000BF8F1,1
	$000BF8F2,1
	$000BF8F3,1
	$000BF8F4,1
	$000BF8F5,1
	$000BF8F6,1
	$000BF8F7,1
	$000BF8F8,1
	$000BF8F9,1
	$000BF8FA,1
	$000BF8FB,1
	$000BF8FC,1
	$000BF8FD,1
	$000BF8FE,1
	$000BF8FF,1
	$000BF900,1
	$000BF901,1
	$000BF902,1
	$000BF903,1
	$000BF904,1
	$000BF905,1
	$000BF906,1
	$000BF907,1
	$000BF908,1
	$000BF909,1
	$000BF90A,1
	$000BF90B,1
	$000BF90C,1
	$000BF90D,1
	$000BF90E,1
	$000BF90F,1
	$000BF910,1
	$000BF911,1
	$000BF912,1
	$000BF913,1
	$000BF914,1
	$000BF915,1
	$000BF916,1
	$000BF917,1
	$000BF918,1
	$000BF919,1
	$000BF91A,1
	$000BF91B,1
	$000BF91C,1
	$000BF91D,1
	$000BF91E,1
	$000BF91F,1
	$000BF920,1
	$000BF921,1
	$000BF922,1
	$000BF923,1
	$000BF924,1
	$000BF925,1
	$000BF926,1
	$000BF927,1
	$000BF928,1
	$000BF929,1
	$000BF92A,1
	$000BF92B,1
	$000BF92C,1
	$000BF92D,1
	$000BF92E,1
	$000BF92F,1
	$000BF930,1
	$000BF931,1
	$000BF932,1
	$000BF933,1
	$000BF934,1
	$000BF935,1
	$000BF936,1
	$000BF937,1
	$000BF938,1
	$000BF939,1
	$000BF93A,1
	$000BF93B,1
	$000BF93C,1
	$000BF93D,1
	$000BF93E,1
	$000BF93F,1
	$000BF940,1
	$000BF941,1
	$000BF942,1
	$000BF943,1
	$000BF944,1
	$000BF945,1
	$000BF946,1
	$000BF947,1
	$000BF948,1
	$000BF949,1
	$000BF94A,1
	$000BF94B,1
	$000BF94C,1
	$000BF94D,1
	$000BF94E,1
	$000BF94F,1
	$000BF950,1
	$000BF951,1
	$000BF952,1
	$000BF953,1
	$000BF954,1
	$000BF955,1
	$000BF956,1
	$000BF957,1
	$000BF958,1
	$000BF959,1
	$000BF95A,1
	$000BF95B,1
	$000BF95C,1
	$000BF95D,1
	$000BF95E,1
	$000BF95F,1
	$000BF960,1
	$000BF961,1
	$000BF962,1
	$000BF963,1
	$000BF964,1
	$000BF965,1
	$000BF966,1
	$000BFB00,1
[MAP007]
	$000BC000	;Physics Address
	$0000C000	;Load Address
[LABLE007_0]
	$000BC13F,1
	$000BC001,1
	$000BC117,1
	$000BC126,1
	$000BC0DC,1
	$000BC183,1
	$000BC14C,1
	$000BC15E,1
	$000BC0E7,1
	$000BC057,1
	$000BC060,1
	$000BCC81,1
	$000BCBC9,1
	$000BC0F7,1
	$000BC139,1
	$000BC35B,1
	$000BC397,1
	$000BC23B,1
	$000BC857,1
	$000BC25B,1
	$000BC9A1,1
	$000BC892,1
	$000BC9E8,1
	$000BC9CC,1
	$000BC146,1
	$000BC8A8,1
	$000BC47F,1
	$000BC104,1
	$000BC0AF,1
	$000BC204,1
	$000BC8C6,1
	$000BC9A3,1
	$000BC217,1
	$000BCB60,1
	$000BCBBD,1
	$000BC301,1
	$000BCBB9,1
	$000BC3BC,1
	$000BC40F,1
	$000BC274,1
	$000BC331,1
[LABLE007_1]
	$000BC003,1
	$000BC008,1
	$000BC00D,1
	$000BC12C,1
	$000BC133,1
	$000BC138,1
	$000BC036,1
	$000BC038,1
	$000BC03F,1
	$000BC06D,1
	$000BCCB7,1
	$000BCBCD,1
	$000BCBE5,1
	$000BCC1C,1
	$000BC084,1
	$000BC088,1
	$000BC3A2,1
	$000BC3BB,1
	$000BC375,1
	$000BC36B,1
	$000BC378,1
	$000BC37E,1
	$000BC386,1
	$000BC396,1
	$000BC248,1
	$000BC9E3,1
	$000BC89B,1
	$000BC9F0,1
	$000BC9F4,1
	$000BCA1D,1
	$000BCA2C,1
	$000BCA32,1
	$000BCA15,1
	$000BCA51,1
	$000BCA5B,1
	$000BC494,1
	$000BC499,1
	$000BC0B6,1
	$000BC0BC,1
	$000BC0C9,1
	$000BC49F,1
	$000BC8DA,1
	$000BC9F7,1
	$000BCA06,1
	$000BCA0D,1
	$000BC9FD,1
	$000BCA10,1
	$000BC899,1
	$000BC8D6,1
	$000BC8C3,1
	$000BCB84,1
	$000BCB88,1
	$000BCB8C,1
	$000BCB9E,1
	$000BCB7D,1
	$000BCBA1,1
	$000BCBBF,1
	$000BCBBD,1
	$000BCBEA,1
	$000BCC2E,1
	$000BCC2B,1
	$000BCC36,1
	$000BCC3D,1
	$000BCBD1,1
	$000BCBD7,1
	$000BC241,1
	$000BC245,1
	$000BC415,1
	$000BC3E6,1
	$000BC335,1
	$000BC350,1
	$000BC27B,1
	$000BC2B0,1
	$000BC08A,1
[LABLE007_2]
[LABLE007_3]
	$000BC24C,1
	$000BCB36,1
	$000BCB38,1
	$000BCB3A,1
	$000BCB3C,1
	$000BCB3E,1
	$000BCB40,1
	$000BCB42,1
	$000BCB44,1
	$000BCB46,1
	$000BCB48,1
	$000BCB4A,1
	$000BCB4B,1
	$000BCB4D,1
	$000BCB4F,1
	$000BCB51,1
	$000BCB53,1
	$000BCB55,1
	$000BCB57,1
	$000BCB59,1
	$000BCB5B,1
	$000BCB5D,1
	$000BCB5F,1
	$000BC948,1
[MAP008]
	$000B6000	;Physics Address
	$0000A000	;Load Address
[LABLE008_0]
	$000B796C,1
[LABLE008_1]
	$000B7979,1
	$000B797E,1
	$000B7983,1
	$000B7996,1
	$000B799E,1
	$000B79A3,1
	$000B79B1,1
	$000B79B7,1
	$000B79BA,1
[LABLE008_2]
[LABLE008_3]
	$000B7C00,1
	$000B7D00,1
	$000B7E00,1
	$000B7F00,1
[MAP009]
	$000B4000	;Physics Address
	$00008000	;Load Address
[LABLE009_0]
[LABLE009_1]
[LABLE009_2]
	$000B4000,1
[LABLE009_3]
[MAP010]
	$000A4000	;Physics Address
	$00008000	;Load Address
[LABLE010_0]
	$000A4712,1
	$000A4673,1
	$000A4705,1
	$000A40D5,1
	$000A409F,1
	$000A40DC,1
	$000A40FE,1
[LABLE010_1]
	$000A4719,1
	$000A4721,1
	$000A40D4,1
	$000A40EB,1
	$000A40F0,1
	$000A40F9,1
	$000A40F4,1
	$000A4102,1
[LABLE010_2]
	$000A4000,1
[LABLE010_3]
[MAP011]
	$000B2000	;Physics Address
	$0000A000	;Load Address
[LABLE011_0]
[LABLE011_1]
[LABLE011_2]
[LABLE011_3]
	$000B2A2D,1
	$000B2A2F,1
	$000B2A31,1
	$000B2A35,1
	$000B2A37,1
	$000B2A47,1
	$000B2A49,1
	$000B2A4B,1
	$000B2A50,1
	$000B2A52,1
	$000B2A62,1
	$000B2A64,1
	$000B2AA7,1
	$000B2AA9,1
	$000B2AAD,1
	$000B2AAF,1
	$000B2ACB,1
	$000B2ACD,1
	$000B2ADD,1
	$000B2ADF,1
	$000B2AF8,1
	$000B2AFA,1
	$000B2B00,1
	$000B2B02,1
	$000B2B05,1
	$000B2B07,1
	$000B2B09,1
	$000B2B0B,1
	$000B2B30,1
	$000B2B32,1
	$000B2B37,1
	$000B2B39,1
	$000B2B3B,1
	$000B2B3D,1
	$000B2B42,1
	$000B2B44,1
	$000B2B5F,1
	$000B2B61,1
	$000B2B67,1
	$000B2B69,1
	$000B2B6D,1
	$000B2B6F,1
	$000B2B71,1
	$000B2B73,1
	$000B2B76,1
	$000B2B78,1
	$000B2B7C,1
	$000B2B7E,1
	$000B2B8F,1
	$000B2B91,1
	$000B2B94,1
	$000B2B96,1
	$000B2B9B,1
	$000B2B9D,1
	$000B2BD7,1
	$000B2BD9,1
	$000B2BDE,1
	$000B2BE0,1
	$000B2BE4,1
	$000B2BE6,1
	$000B2BFC,1
	$000B2BFE,1
	$000B2C04,1
	$000B2C06,1
	$000B2C11,1
	$000B2C13,1
	$000B2C16,1
	$000B2C18,1
	$000B2C1F,1
	$000B2C21,1
	$000B2C54,1
	$000B2C56,1
	$000B2C5D,1
	$000B2C5F,1
	$000B2C64,1
	$000B2C66,1
	$000B2C9E,1
	$000B2CA0,1
	$000B2CA3,1
	$000B2CA5,1
	$000B2CAC,1
	$000B2CAE,1
	$000B2CB4,1
	$000B2CB6,1
	$000B2CBD,1
	$000B2CBF,1
	$000B2CCC,1
	$000B2CCE,1
	$000B2CD0,1
	$000B2CD2,1
	$000B2CDB,1
	$000B2CDD,1
	$000B2CE0,1
	$000B2CE2,1
	$000B2CE4,1
	$000B2CEA,1
	$000B2CEC,1
	$000B2CF0,1
	$000B2CF2,1
	$000B2CF6,1
	$000B2CF8,1
	$000B2CFE,1
	$000B2D00,1
	$000B2D04,1
	$000B2D06,1
	$000B2D0C,1
	$000B2D0E,1
	$000B2D12,1
	$000B2D14,1
	$000B2D17,1
	$000B2D19,1
	$000B2D1B,1
	$000B2D1E,1
	$000B2D20,1
	$000B2D22,1
	$000B2D27,1
	$000B2D29,1
	$000B2D2E,1
	$000B2D30,1
	$000B2D36,1
	$000B2D38,1
	$000B2D3E,1
	$000B2D40,1
	$000B2D46,1
	$000B2D48,1
	$000B2D4E,1
	$000B2D50,1
	$000B2D57,1
	$000B2D59,1
	$000B2D5F,1
	$000B2D61,1
	$000B2D67,1
	$000B2D69,1
	$000B2D85,1
	$000B2D87,1
	$000B2D8A,1
	$000B2D8C,1
	$000B2D95,1
	$000B2D97,1
	$000B2DA0,1
	$000B2DA2,1
	$000B2DAB,1
	$000B2DAD,1
	$000B2DB5,1
	$000B2DB7,1
	$000B2DC2,1
	$000B2DC4,1
	$000B2DCD,1
	$000B2DCF,1
	$000B2DDD,1
	$000B2DDF,1
	$000B2DE1,1
	$000B2DE3,1
	$000B2DF0,1
	$000B2DF2,1
	$000B2DF4,1
	$000B2DF6,1
	$000B2DFB,1
	$000B2DFD,1
	$000B2E02,1
	$000B2E04,1
	$000B2E06,1
	$000B2E08,1
	$000B2E39,1
	$000B2E3B,1
	$000B2E40,1
	$000B2E42,1
	$000B2E53,1
	$000B2E55,1
	$000B2E59,1
	$000B2E5B,1
	$000B2E5D,1
	$000B2E5F,1
	$000B2E65,1
	$000B2E67,1
	$000B2E6B,1
	$000B2E6D,1
	$000B2E71,1
	$000B2E73,1
	$000B2E77,1
	$000B2E79,1
	$000B2E7C,1
	$000B2E7E,1
	$000B2E81,1
	$000B2E83,1
	$000B2E9A,1
	$000B2E9C,1
	$000B2EA6,1
	$000B2EA8,1
	$000B2EB3,1
	$000B2EB5,1
	$000B2EB8,1
	$000B2EBA,1
	$000B2EC0,1
	$000B2EC2,1
	$000B2EC8,1
	$000B2ECA,1
	$000B2EDB,1
	$000B2EDD,1
	$000B2EDF,1
	$000B2EE2,1
	$000B2EE4,1
	$000B2EE8,1
	$000B2EEA,1
	$000B2EF8,1
	$000B2EFA,1
	$000B2EFD,1
	$000B2EFF,1
	$000B2F05,1
	$000B2F07,1
	$000B2F0E,1
	$000B2F10,1
	$000B2F12,1
	$000B2F14,1
	$000B2F16,1
	$000B2F18,1
	$000B2F1A,1
	$000B2F1C,1
	$000B2F24,1
	$000B2F26,1
	$000B2F2E,1
	$000B2F30,1
	$000B2F38,1
	$000B2F3A,1
	$000B2F42,1
	$000B2F44,1
	$000B2F4C,1
	$000B2F4E,1
	$000B2F53,1
	$000B2F55,1
	$000B2F57,1
	$000B2F5F,1
	$000B2F61,1
	$000B2F69,1
	$000B2F6B,1
	$000B2F6D,1
	$000B2F6F,1
	$000B2F71,1
	$000B2F77,1
	$000B2F79,1
	$000B2F7B,1
	$000B2F7E,1
	$000B2F80,1
	$000B2F82,1
	$000B2F85,1
	$000B2F87,1
	$000B2F89,1
	$000B2F8C,1
	$000B2F8E,1
	$000B2F90,1
	$000B2F93,1
	$000B2F95,1
	$000B2F97,1
	$000B2F99,1
	$000B2F9B,1
	$000B2F9D,1
	$000B2F9F,1
	$000B2FA1,1
	$000B2FA7,1
	$000B2FA9,1
	$000B2FAF,1
	$000B2FB1,1
	$000B2FB7,1
	$000B2FB9,1
	$000B2FBF,1
	$000B2FC1,1
	$000B2FC4,1
	$000B2FC6,1
	$000B2FCE,1
	$000B2FD0,1
	$000B2FD8,1
	$000B2FDA,1
	$000B2FE2,1
	$000B2FE4,1
	$000B2FE6,1
	$000B2FE8,1
	$000B2FEA,1
	$000B2FEC,1
	$000B2FF4,1
	$000B2FF6,1
	$000B2FFB,1
	$000B2FFD,1
	$000B2FFF,1
	$000B3007,1
	$000B3009,1
	$000B300D,1
	$000B300F,1
	$000B3011,1
	$000B3013,1
	$000B3015,1
	$000B3017,1
	$000B3019,1
	$000B301B,1
	$000B301D,1
	$000B3021,1
	$000B3023,1
	$000B302B,1
	$000B302D,1
	$000B302F,1
	$000B3031,1
	$000B3033,1
	$000B303B,1
	$000B303D,1
	$000B3042,1
	$000B3044,1
	$000B3046,1
	$000B3048,1
	$000B304A,1
	$000B304D,1
	$000B304F,1
	$000B3051,1
	$000B3053,1
	$000B3057,1
	$000B3059,1
	$000B3061,1
	$000B3063,1
	$000B306B,1
	$000B306D,1
	$000B3075,1
	$000B3077,1
	$000B3079,1
	$000B307B,1
	$000B307D,1
	$000B307F,1
	$000B3081,1
	$000B3083,1
	$000B308B,1
	$000B308D,1
	$000B3095,1
	$000B3097,1
	$000B309F,1
	$000B30A1,1
	$000B30A9,1
	$000B30AB,1
	$000B30B3,1
	$000B30B5,1
	$000B30BC,1
	$000B30BE,1
	$000B30C5,1
	$000B30C7,1
	$000B30CE,1
	$000B30D0,1
	$000B30D3,1
	$000B30D5,1
	$000B30D7,1
	$000B30D9,1
	$000B30DC,1
	$000B30DE,1
	$000B30E0,1
	$000B30E2,1
	$000B30F0,1
	$000B30F2,1
	$000B30FB,1
	$000B30FD,1
	$000B310E,1
	$000B3110,1
	$000B3116,1
	$000B3118,1
	$000B311E,1
	$000B3120,1
	$000B3123,1
	$000B3125,1
	$000B3127,1
	$000B312A,1
	$000B312C,1
	$000B312E,1
	$000B3131,1
	$000B3133,1
	$000B3135,1
	$000B3138,1
	$000B313A,1
	$000B313C,1
	$000B3142,1
	$000B3144,1
	$000B314A,1
	$000B314C,1
	$000B3152,1
	$000B3154,1
	$000B315A,1
	$000B315C,1
	$000B3162,1
	$000B3164,1
	$000B316A,1
	$000B316C,1
	$000B316E,1
	$000B3170,1
	$000B3172,1
	$000B3174,1
	$000B3177,1
	$000B3179,1
	$000B317B,1
	$000B317E,1
	$000B3180,1
	$000B3182,1
	$000B3185,1
	$000B3187,1
	$000B3189,1
	$000B318C,1
	$000B318E,1
	$000B3190,1
	$000B3193,1
	$000B3195,1
	$000B3197,1
	$000B319A,1
	$000B319C,1
	$000B319E,1
	$000B31A4,1
	$000B31A6,1
	$000B31AC,1
	$000B31AE,1
	$000B31B1,1
	$000B31B3,1
	$000B31B5,1
	$000B31B8,1
	$000B31BA,1
	$000B31BC,1
	$000B31C1,1
	$000B31C3,1
	$000B31D5,1
	$000B31D7,1
	$000B31ED,1
	$000B31EF,1
	$000B31F4,1
	$000B31F6,1
	$000B3204,1
	$000B3206,1
	$000B320B,1
	$000B320D,1
	$000B3212,1
	$000B3214,1
	$000B3219,1
	$000B321B,1
	$000B321F,1
	$000B3221,1
	$000B3226,1
	$000B3228,1
	$000B322F,1
	$000B3231,1
	$000B325B,1
	$000B325D,1
	$000B3260,1
	$000B3262,1
	$000B3269,1
	$000B326B,1
	$000B3270,1
	$000B3272,1
	$000B3277,1
	$000B3279,1
	$000B327E,1
	$000B3280,1
	$000B3285,1
	$000B3287,1
	$000B3289,1
	$000B32B5,1
	$000B32B7,1
	$000B32C8,1
	$000B32CA,1
	$000B32CD,1
	$000B32CF,1
	$000B32D1,1
	$000B32D3,1
	$000B32D5,1
	$000B32D7,1
	$000B32D9,1
	$000B32DE,1
	$000B32E0,1
	$000B32E5,1
	$000B32E7,1
	$000B32EC,1
	$000B32EE,1
	$000B32F3,1
	$000B32F5,1
	$000B32F7,1
	$000B32F9,1
	$000B32FC,1
	$000B32FE,1
	$000B3300,1
	$000B3302,1
	$000B3323,1
	$000B3325,1
	$000B3328,1
	$000B332A,1
	$000B332D,1
	$000B332F,1
	$000B333C,1
	$000B333E,1
	$000B3340,1
	$000B3343,1
	$000B3345,1
	$000B3347,1
	$000B3349,1
	$000B334B,1
	$000B334D,1
	$000B3352,1
	$000B3354,1
	$000B3359,1
	$000B335B,1
	$000B3364,1
	$000B3366,1
	$000B3378,1
	$000B337A,1
	$000B337D,1
	$000B337F,1
	$000B3385,1
	$000B3387,1
	$000B338D,1
	$000B338F,1
	$000B3391,1
	$000B3393,1
	$000B3395,1
	$000B3397,1
	$000B339C,1
	$000B339E,1
	$000B33A0,1
	$000B33A2,1
	$000B33A4,1
	$000B33A6,1
	$000B33AB,1
	$000B33AD,1
	$000B33B3,1
	$000B33B5,1
	$000B33BB,1
	$000B33BD,1
	$000B33C3,1
	$000B33C5,1
	$000B33CB,1
	$000B33CD,1
	$000B33CF,1
	$000B33D1,1
	$000B33D3,1
	$000B33D5,1
	$000B33DB,1
	$000B33DD,1
	$000B33E3,1
	$000B33E5,1
	$000B33EB,1
	$000B33ED,1
	$000B33F3,1
	$000B33F5,1
	$000B340B,1
	$000B340D,1
	$000B3413,1
	$000B3415,1
	$000B341B,1
	$000B341D,1
	$000B3423,1
	$000B3425,1
	$000B3427,1
	$000B342A,1
	$000B342C,1
	$000B342E,1
	$000B3431,1
	$000B3433,1
	$000B3435,1
	$000B3437,1
	$000B3439,1
	$000B343B,1
	$000B343D,1
	$000B343F,1
	$000B3446,1
	$000B3448,1
	$000B3455,1
	$000B3457,1
	$000B3461,1
	$000B3463,1
	$000B3468,1
	$000B346A,1
	$000B3470,1
	$000B3472,1
	$000B347A,1
	$000B347C,1
	$000B347F,1
	$000B3481,1
	$000B348E,1
	$000B3490,1
	$000B349E,1
	$000B34A0,1
	$000B34AD,1
	$000B34AF,1
	$000B34BB,1
	$000B34BD,1
	$000B34C0,1
	$000B34C2,1
	$000B34C5,1
	$000B34C7,1
	$000B34CA,1
	$000B34CC,1
	$000B34D4,1
	$000B34D6,1
	$000B34DD,1
	$000B34DF,1
	$000B34E2,1
	$000B34E4,1
	$000B34E6,1
	$000B34E8,1
	$000B34EF,1
	$000B34F1,1
	$000B34F4,1
	$000B34F6,1
	$000B34F8,1
	$000B34FA,1
	$000B34FF,1
	$000B3501,1
	$000B350B,1
	$000B350D,1
	$000B350F,1
	$000B3511,1
	$000B3516,1
	$000B3518,1
	$000B351E,1
	$000B3520,1
	$000B3525,1
	$000B3527,1
	$000B353A,1
	$000B353C,1
	$000B3542,1
	$000B3544,1
	$000B3548,1
	$000B354A,1
	$000B354E,1
	$000B3550,1
	$000B3552,1
	$000B3554,1
	$000B355A,1
	$000B355C,1
	$000B3568,1
	$000B356A,1
	$000B3575,1
	$000B3577,1
	$000B357B,1
	$000B357D,1
	$000B357F,1
	$000B3581,1
	$000B3589,1
	$000B358B,1
	$000B358E,1
	$000B3590,1
	$000B3593,1
	$000B3595,1
	$000B359D,1
	$000B359F,1
	$000B35A2,1
	$000B35A4,1
	$000B35A7,1
	$000B35A9,1
	$000B35B1,1
	$000B35B3,1
	$000B35BB,1
	$000B35BD,1
	$000B35C5,1
	$000B35C7,1
	$000B35D0,1
	$000B35D2,1
	$000B35D4,1
	$000B35D6,1
	$000B35D9,1
	$000B35DB,1
	$000B35E0,1
	$000B35E2,1
	$000B35E9,1
	$000B35EB,1
	$000B3604,1
	$000B3606,1
	$000B3609,1
	$000B360B,1
	$000B360E,1
	$000B3610,1
	$000B3612,1
	$000B3614,1
	$000B3619,1
	$000B361B,1
	$000B363C,1
	$000B363E,1
	$000B3642,1
	$000B3644,1
	$000B364A,1
	$000B364C,1
	$000B3662,1
	$000B3664,1
	$000B3668,1
	$000B366A,1
	$000B366C,1
	$000B366E,1
	$000B3670,1
	$000B3672,1
	$000B3674,1
	$000B3677,1
	$000B3679,1
	$000B369D,1
	$000B369F,1
	$000B36A4,1
	$000B36A6,1
	$000B36D8,1
	$000B36DA,1
	$000B36DD,1
	$000B36DF,1
	$000B36E2,1
	$000B36E4,1
	$000B36EA,1
	$000B36EC,1
	$000B36EE,1
	$000B36F1,1
	$000B36F3,1
	$000B3705,1
	$000B3707,1
	$000B370A,1
	$000B370C,1
	$000B370E,1
	$000B3710,1
	$000B3716,1
	$000B3718,1
	$000B372A,1
	$000B372C,1
	$000B372E,1
	$000B3734,1
	$000B3736,1
	$000B373F,1
	$000B3741,1
	$000B3745,1
	$000B3747,1
	$000B3749,1
	$000B374B,1
	$000B374D,1
	$000B3756,1
	$000B3758,1
	$000B3785,1
	$000B3787,1
	$000B37BC,1
	$000B37BE,1
	$000B37C4,1
	$000B37C6,1
	$000B37CF,1
	$000B37D1,1
	$000B37D7,1
	$000B37D9,1
	$000B37F2,1
	$000B37F4,1
	$000B381E,1
	$000B3820,1
	$000B3844,1
	$000B3846,1
	$000B3848,1
	$000B384E,1
	$000B3850,1
	$000B3874,1
	$000B3876,1
	$000B387B,1
	$000B387D,1
	$000B389F,1
	$000B38A1,1
	$000B38AC,1
	$000B38AE,1
	$000B38B6,1
	$000B38B8,1
[MAP012]
	$000A8000	;Physics Address
	$00008000	;Load Address
[LABLE012_0]
[LABLE012_1]
[LABLE012_2]
[LABLE012_3]
	$000A9097,1
	$000A9099,1
	$000A909B,1
	$000A90A7,1
	$000A90A9,1
	$000A90B6,1
	$000A90B8,1
	$000A90BB,1
	$000A90BD,1
	$000A90C4,1
	$000A90C6,1
	$000A90D0,1
	$000A90D2,1
	$000A90DD,1
	$000A90DF,1
	$000A90E3,1
	$000A90E5,1
	$000A90E8,1
	$000A90EA,1
	$000A9101,1
	$000A9103,1
	$000A911B,1
	$000A911D,1
	$000A9136,1
	$000A9138,1
	$000A9151,1
	$000A9153,1
	$000A915F,1
	$000A9161,1
	$000A9168,1
	$000A916A,1
	$000A9170,1
	$000A9172,1
	$000A917A,1
	$000A917C,1
	$000A9188,1
	$000A918A,1
	$000A9190,1
	$000A9192,1
	$000A919B,1
	$000A919D,1
	$000A91A6,1
	$000A91A8,1
	$000A91AE,1
	$000A91B0,1
	$000A91B3,1
	$000A91B5,1
	$000A91BC,1
	$000A91BE,1
	$000A91C0,1
	$000A91C2,1
	$000A91D3,1
	$000A91D5,1
	$000A91D7,1
	$000A91D9,1
	$000A91DE,1
	$000A91E0,1
	$000A91EE,1
	$000A91F0,1
	$000A9208,1
	$000A920A,1
	$000A9216,1
	$000A9218,1
	$000A9230,1
	$000A9232,1
	$000A9236,1
	$000A9238,1
	$000A923B,1
	$000A923D,1
	$000A9241,1
	$000A9243,1
	$000A9245,1
	$000A9249,1
	$000A924B,1
	$000A924F,1
	$000A9251,1
[MAP013]
	$000BA000	;Physics Address
	$0000A000	;Load Address
[LABLE013_0]
[LABLE013_1]
[LABLE013_2]
[LABLE013_3]
	$000BB333,1
[MAP014]
	$000B8000	;Physics Address
	$00008000	;Load Address
[LABLE014_0]
[LABLE014_1]
[LABLE014_2]
	$000B8000,1
[LABLE014_3]
[MAP015]
	$000A6000	;Physics Address
	$0000A000	;Load Address
[LABLE015_0]
	$000A6E9D,1
	$000A702A,1
[LABLE015_1]
	$000A6EB1,1
	$000A6ECC,1
	$000A6ED0,1
	$000A6EB3,1
	$000A6ED5,1
	$000A6ED7,1
	$000A6EE2,1
[LABLE015_2]
[LABLE015_3]
