***  Installation Started 11/05/2008 10:51  ***
Title: NesMaker Installation
Source: D:\VRT\VT03\合卡工具\Nesmake\Setup.EXE | 10-27-2006 | 12:31:36 | 61282842
Made Dir: C:\NesMaker
Made Dir: C:\NesMaker\help
Made Dir: C:\NesMaker\help\help.files
File Copy: C:\NesMaker\help\help.files\image035.jpg | 10-16-2006 | 16:58:06 | | 35535 | 681b353c
File Copy: C:\NesMaker\help\help.files\image034.jpg | 10-16-2006 | 16:58:06 | | 31045 | 1220b66c
File Copy: C:\NesMaker\help\help.files\image033.jpg | 10-16-2006 | 16:58:06 | | 37138 | 8ef8751b
File Copy: C:\NesMaker\help\help.files\image032.gif | 10-16-2006 | 16:58:04 | | 206 | 28f5b95b
File Copy: C:\NesMaker\help\help.files\image031.gif | 10-16-2006 | 16:58:04 | | 917 | dd3b6aac
File Copy: C:\NesMaker\help\help.files\image030.jpg | 10-16-2006 | 16:58:04 | | 38516 | 169d82b6
File Copy: C:\NesMaker\help\help.files\image029.gif | 10-16-2006 | 16:58:04 | | 986 | 882abd9
File Copy: C:\NesMaker\help\help.files\image028.gif | 10-16-2006 | 16:58:04 | | 1740 | 4ac9554e
File Copy: C:\NesMaker\help\help.files\image027.gif | 10-16-2006 | 16:58:04 | | 488 | 219660c8
File Copy: C:\NesMaker\help\help.files\image026.gif | 10-16-2006 | 16:58:04 | | 1088 | 39936163
File Copy: C:\NesMaker\help\help.files\image025.jpg | 10-16-2006 | 16:58:04 | | 18946 | b53f5832
File Copy: C:\NesMaker\help\help.files\image024.jpg | 10-16-2006 | 16:58:04 | | 53472 | 186e75d0
File Copy: C:\NesMaker\help\help.files\image023.gif | 10-16-2006 | 16:58:04 | | 894 | e70aa906
File Copy: C:\NesMaker\help\help.files\image022.gif | 10-16-2006 | 16:58:04 | | 1217 | 6f01b35f
File Copy: C:\NesMaker\help\help.files\image021.gif | 10-16-2006 | 16:58:04 | | 161 | db01cdb2
File Copy: C:\NesMaker\help\help.files\image020.gif | 10-13-2006 | 09:51:30 | | 15845 | df78a95c
File Copy: C:\NesMaker\help\help.files\image019.jpg | 10-16-2006 | 16:58:04 | | 33895 | f15c5933
File Copy: C:\NesMaker\help\help.files\image018.gif | 10-13-2006 | 09:51:30 | | 14083 | 505d3b66
File Copy: C:\NesMaker\help\help.files\image017.png | 10-16-2006 | 16:58:04 | | 22651 | f9713117
File Copy: C:\NesMaker\help\help.files\image016.png | 10-13-2006 | 09:51:30 | | 24881 | 60eb214a
File Copy: C:\NesMaker\help\help.files\image015.gif | 10-16-2006 | 16:58:04 | | 54528 | eaf05ef1
File Copy: C:\NesMaker\help\help.files\image014.gif | 10-16-2006 | 16:58:04 | | 1532 | dba8a3b5
File Copy: C:\NesMaker\help\help.files\image013.gif | 10-16-2006 | 16:58:04 | | 356 | c295447c
File Copy: C:\NesMaker\help\help.files\image012.gif | 10-13-2006 | 09:51:30 | | 15538 | 1ee6d61d
File Copy: C:\NesMaker\help\help.files\image010.gif | 10-16-2006 | 16:58:04 | | 402 | f8e97031
File Copy: C:\NesMaker\help\help.files\image009.gif | 10-16-2006 | 17:28:02 | | 755 | 39496fa2
File Copy: C:\NesMaker\help\help.files\image008.gif | 10-16-2006 | 17:28:02 | | 1002 | 4bc8e7b7
File Copy: C:\NesMaker\help\help.files\image007.gif | 10-16-2006 | 17:28:02 | | 417 | ec98d05a
File Copy: C:\NesMaker\help\help.files\image006.gif | 10-13-2006 | 09:51:30 | | 7500 | 842533aa
File Copy: C:\NesMaker\help\help.files\image005.gif | 10-16-2006 | 17:28:02 | | 1350 | 71edf628
File Copy: C:\NesMaker\help\help.files\image004.gif | 10-13-2006 | 09:51:30 | | 41327 | 26517184
File Copy: C:\NesMaker\help\help.files\image003.gif | 10-13-2006 | 16:13:50 | | 15649 | 127ac97f
File Copy: C:\NesMaker\help\help.files\image002.gif | 10-16-2006 | 17:28:02 | | 1947 | e1b1cc68
File Copy: C:\NesMaker\help\help.files\image001.gif | 10-16-2006 | 17:28:02 | | 921 | 8ee3a78
File Copy: C:\NesMaker\help\help.files\filelist.xml | 10-16-2006 | 17:28:02 | | 2211 | ed721c27
File Copy: C:\NesMaker\help\help.html | 10-16-2006 | 17:28:02 | | 53522 | e3a0a709
File Copy: C:\NesMaker\help\help.files\image063.jpg | 10-16-2006 | 16:58:06 | | 33873 | 4695a053
File Copy: C:\NesMaker\help\help.files\image062.gif | 10-16-2006 | 16:58:06 | | 1139 | 77946dfd
File Copy: C:\NesMaker\help\help.files\image061.jpg | 10-16-2006 | 16:58:06 | | 34288 | cae30c3c
File Copy: C:\NesMaker\help\help.files\image060.gif | 10-16-2006 | 16:58:06 | | 202 | 248819e4
File Copy: C:\NesMaker\help\help.files\image059.gif | 10-16-2006 | 16:58:06 | | 2113 | 132184a7
File Copy: C:\NesMaker\help\help.files\image058.gif | 10-16-2006 | 16:58:06 | | 802 | 60bdf1ec
File Copy: C:\NesMaker\help\help.files\image057.gif | 10-16-2006 | 16:58:06 | | 143 | 6aab9f48
File Copy: C:\NesMaker\help\help.files\image055.gif | 10-16-2006 | 16:58:06 | | 1170 | bd286f04
File Copy: C:\NesMaker\help\help.files\image054.gif | 10-13-2006 | 17:42:22 | | 18391 | 12b91bbe
File Copy: C:\NesMaker\help\help.files\image053.gif | 10-16-2006 | 16:58:06 | | 941 | 49d22fe6
File Copy: C:\NesMaker\help\help.files\image052.gif | 10-16-2006 | 16:58:06 | | 146 | 738bd5e6
File Copy: C:\NesMaker\help\help.files\image051.gif | 10-13-2006 | 17:42:20 | | 18246 | d3bfbd76
File Copy: C:\NesMaker\help\help.files\image050.gif | 10-16-2006 | 16:58:06 | | 1234 | 35853d19
File Copy: C:\NesMaker\help\help.files\image049.jpg | 10-16-2006 | 16:58:06 | | 36026 | b5eb436f
File Copy: C:\NesMaker\help\help.files\image048.jpg | 10-16-2006 | 16:58:06 | | 38133 | ed0c0368
File Copy: C:\NesMaker\help\help.files\image047.gif | 10-16-2006 | 16:58:06 | | 995 | 41617db3
File Copy: C:\NesMaker\help\help.files\image046.gif | 10-13-2006 | 16:04:38 | | 16128 | 437a4653
File Copy: C:\NesMaker\help\help.files\image045.gif | 10-16-2006 | 16:58:06 | | 2891 | 5bf6d8fb
File Copy: C:\NesMaker\help\help.files\image044.gif | 10-16-2006 | 16:58:06 | | 1643 | fe9df6bb
File Copy: C:\NesMaker\help\help.files\image043.gif | 10-16-2006 | 16:58:06 | | 897 | 2d477e38
File Copy: C:\NesMaker\help\help.files\image042.gif | 10-13-2006 | 18:06:40 | | 14161 | ded6e041
File Copy: C:\NesMaker\help\help.files\image041.gif | 10-13-2006 | 16:04:36 | | 13724 | 4ac46821
File Copy: C:\NesMaker\help\help.files\image040.jpg | 10-16-2006 | 16:58:06 | | 34951 | 6ea89a82
File Copy: C:\NesMaker\help\help.files\image039.gif | 10-13-2006 | 16:04:36 | | 15510 | accb7a95
File Copy: C:\NesMaker\help\help.files\image038.jpg | 10-16-2006 | 16:58:06 | | 35512 | bfb93136
File Copy: C:\NesMaker\help\help.files\image037.gif | 10-16-2006 | 16:58:06 | | 1608 | 2988476f
File Copy: C:\NesMaker\help\help.files\image036.gif | 10-16-2006 | 16:58:06 | | 1530 | 5f61f49b
Made Dir: C:\NesMaker\image
File Copy: C:\NesMaker\image\Pic32Setup.EXE | 08-11-2006 | 17:48:08 | 2.0.0.0 | 1425233 | 281698d2
File Copy: C:\NesMaker\image\Menu_pnt.asm | 10-07-2006 | 13:23:20 | | 5005 | 543a9ad7
File Copy: C:\NesMaker\image\Menu_pgt.bin | 10-07-2006 | 13:23:20 | | 4096 | 46a392b4
File Copy: C:\NesMaker\image\menu.pal | 10-07-2006 | 13:22:56 | | 2064 | 3b509fd3
File Copy: C:\NesMaker\image\Menu.bmp | 10-07-2006 | 13:22:12 | | 184376 | d560265a
File Copy: C:\NesMaker\Makefile | 10-08-2006 | 16:46:02 | | 776 | c1c0550c
File Copy: C:\NesMaker\make.bat | 10-09-2006 | 01:31:34 | | 43 | 671d17e6
File Copy: C:\NesMaker\NesMaker.exe | 10-27-2006 | 12:08:22 | 1.0.0.1 | 69632 | b560fa15
File Copy: C:\NesMaker\midi02.inc | 10-08-2006 | 16:47:50 | | 6703 | d94d207e
File Copy: C:\NesMaker\proc.s | 10-08-2006 | 17:15:18 | | 19639 | 19877134
File Copy: C:\NesMaker\emu.bat | 10-07-2006 | 13:25:44 | | 26 | 127286e7
File Copy: C:\NesMaker\masm.bat | 10-08-2006 | 20:40:14 | | 59 | 7c85e171
File Copy: C:\NesMaker\Demo1.prj | 10-08-2006 | 22:20:38 | | 2186 | 20e88464
File Copy: C:\NesMaker\usb.bat | 05-20-2004 | 04:26:14 | | 26 | 22f443ed
File Copy: C:\NesMaker\vt03.h | 01-22-2005 | 00:02:10 | | 3542 | bfbfc1b2
File Copy: C:\NesMaker\vt03.inc | 01-23-2005 | 18:32:04 | | 9111 | d5cbdcce
File Copy: C:\NesMaker\demo1.h | 11-01-2004 | 11:32:22 | | 168 | 14d0db3b
File Copy: C:\NesMaker\demo1.cfg | 09-28-2006 | 12:33:28 | | 1370 | 33f2c313
File Copy: C:\NesMaker\vt03.lib | 03-01-2005 | 20:29:06 | | 687240 | bf90961f
File Copy: C:\NesMaker\demo1.c | 10-09-2006 | 01:43:14 | | 6373 | c8aa405f
File Copy: C:\NesMaker\vt03.o | 04-04-2006 | 15:58:40 | | 5993 | c58bb403
File Copy: C:\NesMaker\ctype.h | 11-26-2004 | 15:48:08 | | 5852 | 500d8725
File Copy: C:\NesMaker\zeropage.inc | 10-27-2004 | 18:56:00 | | 410 | a433a515
File Copy: C:\NesMaker\Combin.ini | 10-07-2006 | 13:51:38 | | 124 | e45bf894
File Copy: C:\NesMaker\Combin.exe | 08-07-2006 | 09:49:14 | | 40960 | 803b26ca
File Copy: C:\NesMaker\char2.inc | 08-12-2006 | 18:58:54 | | 80702 | 63f0d1d1
File Copy: C:\NesMaker\char1.inc | 08-11-2006 | 16:42:26 | | 80702 | 359f6e1b
Made Dir: C:\NesMaker\bin
File Copy: C:\NesMaker\bin\make.exe | 12-25-2001 | 10:11:14 | | 224256 | 449960ad
File Copy: C:\NesMaker\bin\ld65.exe | 05-06-2004 | 10:56:24 | | 137728 | 745d3338
File Copy: C:\NesMaker\bin\lang_eng.dll | 12-12-2004 | 23:16:46 | | 135168 | d1766617
File Copy: C:\NesMaker\bin\Hsl2rgb.tab | 06-03-2004 | 16:29:04 | | 262144 | de5bc15b
File Copy: C:\NesMaker\bin\EmuVT.ini | 10-09-2006 | 14:39:16 | | 5301 | f12c5ef
File Copy: C:\NesMaker\bin\EmuVT.exe | 03-15-2005 | 03:12:04 | 1.0.0.1 | 1658925 | 48d44f23
File Copy: C:\NesMaker\bin\cc65.exe | 05-06-2004 | 10:56:24 | | 242176 | 516fac12
File Copy: C:\NesMaker\bin\ca65.exe | 05-06-2004 | 10:56:24 | | 155136 | 8cf59f8c
File Copy: C:\NesMaker\bin\ar65.exe | 05-06-2004 | 10:56:24 | | 60416 | 129356d2
***  Installation Started 11/05/2008 10:52  ***
Title: NesMaker Installation
Source: D:\VRT\VT03\合卡工具\Nesmake\Setup.EXE | 10-27-2006 | 12:31:36 | 61282842
File Overwrite: C:\NesMaker\help\help.files\image035.jpg | 10-16-2006 | 16:58:06 | | 35535 | 681b353c
File Overwrite: C:\NesMaker\help\help.files\image034.jpg | 10-16-2006 | 16:58:06 | | 31045 | 1220b66c
File Overwrite: C:\NesMaker\help\help.files\image033.jpg | 10-16-2006 | 16:58:06 | | 37138 | 8ef8751b
File Overwrite: C:\NesMaker\help\help.files\image032.gif | 10-16-2006 | 16:58:04 | | 206 | 28f5b95b
File Overwrite: C:\NesMaker\help\help.files\image031.gif | 10-16-2006 | 16:58:04 | | 917 | dd3b6aac
File Overwrite: C:\NesMaker\help\help.files\image030.jpg | 10-16-2006 | 16:58:04 | | 38516 | 169d82b6
File Overwrite: C:\NesMaker\help\help.files\image029.gif | 10-16-2006 | 16:58:04 | | 986 | 882abd9
File Overwrite: C:\NesMaker\help\help.files\image028.gif | 10-16-2006 | 16:58:04 | | 1740 | 4ac9554e
File Overwrite: C:\NesMaker\help\help.files\image027.gif | 10-16-2006 | 16:58:04 | | 488 | 219660c8
File Overwrite: C:\NesMaker\help\help.files\image026.gif | 10-16-2006 | 16:58:04 | | 1088 | 39936163
File Overwrite: C:\NesMaker\help\help.files\image025.jpg | 10-16-2006 | 16:58:04 | | 18946 | b53f5832
File Overwrite: C:\NesMaker\help\help.files\image024.jpg | 10-16-2006 | 16:58:04 | | 53472 | 186e75d0
File Overwrite: C:\NesMaker\help\help.files\image023.gif | 10-16-2006 | 16:58:04 | | 894 | e70aa906
File Overwrite: C:\NesMaker\help\help.files\image022.gif | 10-16-2006 | 16:58:04 | | 1217 | 6f01b35f
File Overwrite: C:\NesMaker\help\help.files\image021.gif | 10-16-2006 | 16:58:04 | | 161 | db01cdb2
File Overwrite: C:\NesMaker\help\help.files\image020.gif | 10-13-2006 | 09:51:30 | | 15845 | df78a95c
File Overwrite: C:\NesMaker\help\help.files\image019.jpg | 10-16-2006 | 16:58:04 | | 33895 | f15c5933
File Overwrite: C:\NesMaker\help\help.files\image018.gif | 10-13-2006 | 09:51:30 | | 14083 | 505d3b66
File Overwrite: C:\NesMaker\help\help.files\image017.png | 10-16-2006 | 16:58:04 | | 22651 | f9713117
File Overwrite: C:\NesMaker\help\help.files\image016.png | 10-13-2006 | 09:51:30 | | 24881 | 60eb214a
File Overwrite: C:\NesMaker\help\help.files\image015.gif | 10-16-2006 | 16:58:04 | | 54528 | eaf05ef1
File Overwrite: C:\NesMaker\help\help.files\image014.gif | 10-16-2006 | 16:58:04 | | 1532 | dba8a3b5
File Overwrite: C:\NesMaker\help\help.files\image013.gif | 10-16-2006 | 16:58:04 | | 356 | c295447c
File Overwrite: C:\NesMaker\help\help.files\image012.gif | 10-13-2006 | 09:51:30 | | 15538 | 1ee6d61d
File Overwrite: C:\NesMaker\help\help.files\image010.gif | 10-16-2006 | 16:58:04 | | 402 | f8e97031
File Overwrite: C:\NesMaker\help\help.files\image009.gif | 10-16-2006 | 17:28:02 | | 755 | 39496fa2
File Overwrite: C:\NesMaker\help\help.files\image008.gif | 10-16-2006 | 17:28:02 | | 1002 | 4bc8e7b7
File Overwrite: C:\NesMaker\help\help.files\image007.gif | 10-16-2006 | 17:28:02 | | 417 | ec98d05a
File Overwrite: C:\NesMaker\help\help.files\image006.gif | 10-13-2006 | 09:51:30 | | 7500 | 842533aa
File Overwrite: C:\NesMaker\help\help.files\image005.gif | 10-16-2006 | 17:28:02 | | 1350 | 71edf628
File Overwrite: C:\NesMaker\help\help.files\image004.gif | 10-13-2006 | 09:51:30 | | 41327 | 26517184
File Overwrite: C:\NesMaker\help\help.files\image003.gif | 10-13-2006 | 16:13:50 | | 15649 | 127ac97f
File Overwrite: C:\NesMaker\help\help.files\image002.gif | 10-16-2006 | 17:28:02 | | 1947 | e1b1cc68
File Overwrite: C:\NesMaker\help\help.files\image001.gif | 10-16-2006 | 17:28:02 | | 921 | 8ee3a78
File Overwrite: C:\NesMaker\help\help.files\filelist.xml | 10-16-2006 | 17:28:02 | | 2211 | ed721c27
File Overwrite: C:\NesMaker\help\help.html | 10-16-2006 | 17:28:02 | | 53522 | e3a0a709
File Overwrite: C:\NesMaker\help\help.files\image063.jpg | 10-16-2006 | 16:58:06 | | 33873 | 4695a053
File Overwrite: C:\NesMaker\help\help.files\image062.gif | 10-16-2006 | 16:58:06 | | 1139 | 77946dfd
File Overwrite: C:\NesMaker\help\help.files\image061.jpg | 10-16-2006 | 16:58:06 | | 34288 | cae30c3c
File Overwrite: C:\NesMaker\help\help.files\image060.gif | 10-16-2006 | 16:58:06 | | 202 | 248819e4
File Overwrite: C:\NesMaker\help\help.files\image059.gif | 10-16-2006 | 16:58:06 | | 2113 | 132184a7
File Overwrite: C:\NesMaker\help\help.files\image058.gif | 10-16-2006 | 16:58:06 | | 802 | 60bdf1ec
File Overwrite: C:\NesMaker\help\help.files\image057.gif | 10-16-2006 | 16:58:06 | | 143 | 6aab9f48
File Overwrite: C:\NesMaker\help\help.files\image055.gif | 10-16-2006 | 16:58:06 | | 1170 | bd286f04
File Overwrite: C:\NesMaker\help\help.files\image054.gif | 10-13-2006 | 17:42:22 | | 18391 | 12b91bbe
File Overwrite: C:\NesMaker\help\help.files\image053.gif | 10-16-2006 | 16:58:06 | | 941 | 49d22fe6
File Overwrite: C:\NesMaker\help\help.files\image052.gif | 10-16-2006 | 16:58:06 | | 146 | 738bd5e6
File Overwrite: C:\NesMaker\help\help.files\image051.gif | 10-13-2006 | 17:42:20 | | 18246 | d3bfbd76
File Overwrite: C:\NesMaker\help\help.files\image050.gif | 10-16-2006 | 16:58:06 | | 1234 | 35853d19
File Overwrite: C:\NesMaker\help\help.files\image049.jpg | 10-16-2006 | 16:58:06 | | 36026 | b5eb436f
File Overwrite: C:\NesMaker\help\help.files\image048.jpg | 10-16-2006 | 16:58:06 | | 38133 | ed0c0368
File Overwrite: C:\NesMaker\help\help.files\image047.gif | 10-16-2006 | 16:58:06 | | 995 | 41617db3
File Overwrite: C:\NesMaker\help\help.files\image046.gif | 10-13-2006 | 16:04:38 | | 16128 | 437a4653
File Overwrite: C:\NesMaker\help\help.files\image045.gif | 10-16-2006 | 16:58:06 | | 2891 | 5bf6d8fb
File Overwrite: C:\NesMaker\help\help.files\image044.gif | 10-16-2006 | 16:58:06 | | 1643 | fe9df6bb
File Overwrite: C:\NesMaker\help\help.files\image043.gif | 10-16-2006 | 16:58:06 | | 897 | 2d477e38
File Overwrite: C:\NesMaker\help\help.files\image042.gif | 10-13-2006 | 18:06:40 | | 14161 | ded6e041
File Overwrite: C:\NesMaker\help\help.files\image041.gif | 10-13-2006 | 16:04:36 | | 13724 | 4ac46821
File Overwrite: C:\NesMaker\help\help.files\image040.jpg | 10-16-2006 | 16:58:06 | | 34951 | 6ea89a82
File Overwrite: C:\NesMaker\help\help.files\image039.gif | 10-13-2006 | 16:04:36 | | 15510 | accb7a95
File Overwrite: C:\NesMaker\help\help.files\image038.jpg | 10-16-2006 | 16:58:06 | | 35512 | bfb93136
File Overwrite: C:\NesMaker\help\help.files\image037.gif | 10-16-2006 | 16:58:06 | | 1608 | 2988476f
File Overwrite: C:\NesMaker\help\help.files\image036.gif | 10-16-2006 | 16:58:06 | | 1530 | 5f61f49b
File Overwrite: C:\NesMaker\image\Pic32Setup.EXE | 08-11-2006 | 17:48:08 | 2.0.0.0 | 1425233 | 281698d2
File Overwrite: C:\NesMaker\image\Menu_pnt.asm | 10-07-2006 | 13:23:20 | | 5005 | 543a9ad7
File Overwrite: C:\NesMaker\image\Menu_pgt.bin | 10-07-2006 | 13:23:20 | | 4096 | 46a392b4
File Overwrite: C:\NesMaker\image\menu.pal | 10-07-2006 | 13:22:56 | | 2064 | 3b509fd3
File Overwrite: C:\NesMaker\image\Menu.bmp | 10-07-2006 | 13:22:12 | | 184376 | d560265a
File Overwrite: C:\NesMaker\Makefile | 10-08-2006 | 16:46:02 | | 776 | c1c0550c
File Overwrite: C:\NesMaker\make.bat | 10-09-2006 | 01:31:34 | | 43 | 671d17e6
File Overwrite: C:\NesMaker\NesMaker.exe | 10-27-2006 | 12:08:22 | 1.0.0.1 | 69632 | b560fa15
File Overwrite: C:\NesMaker\midi02.inc | 10-08-2006 | 16:47:50 | | 6703 | d94d207e
File Overwrite: C:\NesMaker\proc.s | 10-08-2006 | 17:15:18 | | 19639 | 19877134
File Overwrite: C:\NesMaker\emu.bat | 10-07-2006 | 13:25:44 | | 26 | 127286e7
File Overwrite: C:\NesMaker\masm.bat | 10-08-2006 | 20:40:14 | | 59 | 7c85e171
File Overwrite: C:\NesMaker\Demo1.prj | 10-08-2006 | 22:20:38 | | 2186 | 20e88464
File Overwrite: C:\NesMaker\usb.bat | 05-20-2004 | 04:26:14 | | 26 | 22f443ed
File Overwrite: C:\NesMaker\vt03.h | 01-22-2005 | 00:02:10 | | 3542 | bfbfc1b2
File Overwrite: C:\NesMaker\vt03.inc | 01-23-2005 | 18:32:04 | | 9111 | d5cbdcce
File Overwrite: C:\NesMaker\demo1.h | 11-01-2004 | 11:32:22 | | 168 | 14d0db3b
File Overwrite: C:\NesMaker\demo1.cfg | 09-28-2006 | 12:33:28 | | 1370 | 33f2c313
File Overwrite: C:\NesMaker\vt03.lib | 03-01-2005 | 20:29:06 | | 687240 | bf90961f
File Overwrite: C:\NesMaker\demo1.c | 10-09-2006 | 01:43:14 | | 6373 | c8aa405f
File Overwrite: C:\NesMaker\vt03.o | 04-04-2006 | 15:58:40 | | 5993 | c58bb403
File Overwrite: C:\NesMaker\ctype.h | 11-26-2004 | 15:48:08 | | 5852 | 500d8725
File Overwrite: C:\NesMaker\zeropage.inc | 10-27-2004 | 18:56:00 | | 410 | a433a515
File Overwrite: C:\NesMaker\Combin.ini | 10-07-2006 | 13:51:38 | | 124 | e45bf894
File Overwrite: C:\NesMaker\Combin.exe | 08-07-2006 | 09:49:14 | | 40960 | 803b26ca
File Overwrite: C:\NesMaker\char2.inc | 08-12-2006 | 18:58:54 | | 80702 | 63f0d1d1
File Overwrite: C:\NesMaker\char1.inc | 08-11-2006 | 16:42:26 | | 80702 | 359f6e1b
File Overwrite: C:\NesMaker\bin\make.exe | 12-25-2001 | 10:11:14 | | 224256 | 449960ad
File Overwrite: C:\NesMaker\bin\ld65.exe | 05-06-2004 | 10:56:24 | | 137728 | 745d3338
File Overwrite: C:\NesMaker\bin\lang_eng.dll | 12-12-2004 | 23:16:46 | | 135168 | d1766617
File Overwrite: C:\NesMaker\bin\Hsl2rgb.tab | 06-03-2004 | 16:29:04 | | 262144 | de5bc15b
File Overwrite: C:\NesMaker\bin\EmuVT.ini | 10-09-2006 | 14:39:16 | | 5301 | f12c5ef
File Overwrite: C:\NesMaker\bin\EmuVT.exe | 03-15-2005 | 03:12:04 | 1.0.0.1 | 1658925 | 48d44f23
File Overwrite: C:\NesMaker\bin\cc65.exe | 05-06-2004 | 10:56:24 | | 242176 | 516fac12
File Overwrite: C:\NesMaker\bin\ca65.exe | 05-06-2004 | 10:56:24 | | 155136 | 8cf59f8c
File Overwrite: C:\NesMaker\bin\ar65.exe | 05-06-2004 | 10:56:24 | | 60416 | 129356d2
